2024-04-25 17:25:39,190 INFO [dump-task] add task. groupKey=common.yml+DEFAULT_GROUP, taskKey=common.yml+DEFAULT_GROUP++false+null

2024-04-25 17:25:39,190 INFO [dump-task] add task. groupKey=redis.yml+DEFAULT_GROUP, taskKey=redis.yml+DEFAULT_GROUP++false+null

2024-04-25 17:25:39,190 INFO [dump-task] add task. groupKey=rabbitmq.yml+DEFAULT_GROUP, taskKey=rabbitmq.yml+DEFAULT_GROUP++false+null

2024-04-25 17:25:39,190 INFO [dump-task] add task. groupKey=lamp-oauth-server.yml+DEFAULT_GROUP, taskKey=lamp-oauth-server.yml+DEFAULT_GROUP++false+null

2024-04-25 17:25:39,190 INFO [dump-task] add task. groupKey=lamp-monitor.yml+DEFAULT_GROUP, taskKey=lamp-monitor.yml+DEFAULT_GROUP++false+null

2024-04-25 17:25:39,191 INFO [dump-task] add task. groupKey=lamp-gateway-server.yml+DEFAULT_GROUP, taskKey=lamp-gateway-server.yml+DEFAULT_GROUP++false+null

2024-04-25 17:25:39,193 INFO [dump-task] add task. groupKey=lamp-base-server.yml+DEFAULT_GROUP, taskKey=lamp-base-server.yml+DEFAULT_GROUP++false+null

2024-04-25 17:25:39,194 INFO [dump-task] add task. groupKey=lamp-system-server.yml+DEFAULT_GROUP, taskKey=lamp-system-server.yml+DEFAULT_GROUP++false+null

2024-04-25 17:25:39,194 INFO [dump-task] add task. groupKey=lamp-generator-server.yml+DEFAULT_GROUP, taskKey=lamp-generator-server.yml+DEFAULT_GROUP++false+null

2024-04-25 17:25:39,194 INFO [dump-task] add task. groupKey=mysql.yml+DEFAULT_GROUP, taskKey=mysql.yml+DEFAULT_GROUP++false+null

2024-04-25 17:25:39,195 INFO [dump-task] add task. groupKey=oracle.yml+DEFAULT_GROUP, taskKey=oracle.yml+DEFAULT_GROUP++false+null

2024-04-25 17:25:39,195 INFO [dump-task] add task. groupKey=sqlserver.yml+DEFAULT_GROUP, taskKey=sqlserver.yml+DEFAULT_GROUP++false+null

2024-04-25 17:51:38,025 INFO [dump-all-ok] common.yml+DEFAULT_GROUP, 1714037139000, length=5196, md5=d8ff4b6ea371e89d69a2f04858ea7b35

2024-04-25 17:51:38,026 INFO [dump-all-ok] redis.yml+DEFAULT_GROUP, 1714037139000, length=472, md5=8938c05a090411aa8b4ebb7b0ddcc935

2024-04-25 17:51:38,026 INFO [dump-all-ok] rabbitmq.yml+DEFAULT_GROUP, 1714037139000, length=407, md5=6c93a3f48bd5a02bb49681a5c9632140

2024-04-25 17:51:38,026 INFO [dump-all-ok] lamp-oauth-server.yml+DEFAULT_GROUP, 1714037139000, length=539, md5=f5fc0f872592e0646f54fb9885c26f22

2024-04-25 17:51:38,027 INFO [dump-all-ok] lamp-monitor.yml+DEFAULT_GROUP, 1714037139000, length=348, md5=c58523c34e67a5cdd8a235bf978c3d08

2024-04-25 17:51:38,027 INFO [dump-all-ok] lamp-gateway-server.yml+DEFAULT_GROUP, 1714037139000, length=2300, md5=c528e3bc36903f44ce06ae1084b18b88

2024-04-25 17:51:38,028 INFO [dump-all-ok] lamp-base-server.yml+DEFAULT_GROUP, 1714037139000, length=2172, md5=112aa9d504e8d977ae55b4d4c96ba18f

2024-04-25 17:51:38,028 INFO [dump-all-ok] lamp-system-server.yml+DEFAULT_GROUP, 1714037139000, length=366, md5=2b8ff8e719dfa132fb6114b6d31eb8c4

2024-04-25 17:51:38,028 INFO [dump-all-ok] lamp-generator-server.yml+DEFAULT_GROUP, 1714037139000, length=53, md5=f6179b66c643f4e116550c58352bdfde

2024-04-25 17:51:38,045 INFO [dump-all-ok] mysql.yml+DEFAULT_GROUP, 1714037139000, length=4840, md5=f5ac99ce8de7fa119fbaa671f95b2c00

2024-04-25 17:51:38,046 INFO [dump-all-ok] oracle.yml+DEFAULT_GROUP, 1714037139000, length=4792, md5=39156607fe43279f3136d3bc188cc4ff

2024-04-25 17:51:38,047 INFO [dump-all-ok] sqlserver.yml+DEFAULT_GROUP, 1714037139000, length=4757, md5=1d6f0e3305c0eb4a6c5d1773a42139c8

2024-04-25 17:54:36,756 INFO [dump-all-ok] common.yml+DEFAULT_GROUP, 1714037139000, length=5196, md5=d8ff4b6ea371e89d69a2f04858ea7b35

2024-04-25 17:54:36,758 INFO [dump-all-ok] redis.yml+DEFAULT_GROUP, 1714037139000, length=472, md5=8938c05a090411aa8b4ebb7b0ddcc935

2024-04-25 17:54:36,759 INFO [dump-all-ok] rabbitmq.yml+DEFAULT_GROUP, 1714037139000, length=407, md5=6c93a3f48bd5a02bb49681a5c9632140

2024-04-25 17:54:36,759 INFO [dump-all-ok] lamp-oauth-server.yml+DEFAULT_GROUP, 1714037139000, length=539, md5=f5fc0f872592e0646f54fb9885c26f22

2024-04-25 17:54:36,759 INFO [dump-all-ok] lamp-monitor.yml+DEFAULT_GROUP, 1714037139000, length=348, md5=c58523c34e67a5cdd8a235bf978c3d08

2024-04-25 17:54:36,760 INFO [dump-all-ok] lamp-gateway-server.yml+DEFAULT_GROUP, 1714037139000, length=2300, md5=c528e3bc36903f44ce06ae1084b18b88

2024-04-25 17:54:36,760 INFO [dump-all-ok] lamp-base-server.yml+DEFAULT_GROUP, 1714037139000, length=2172, md5=112aa9d504e8d977ae55b4d4c96ba18f

2024-04-25 17:54:36,761 INFO [dump-all-ok] lamp-system-server.yml+DEFAULT_GROUP, 1714037139000, length=366, md5=2b8ff8e719dfa132fb6114b6d31eb8c4

2024-04-25 17:54:36,761 INFO [dump-all-ok] lamp-generator-server.yml+DEFAULT_GROUP, 1714037139000, length=53, md5=f6179b66c643f4e116550c58352bdfde

2024-04-25 17:54:36,762 INFO [dump-all-ok] mysql.yml+DEFAULT_GROUP, 1714037139000, length=4840, md5=f5ac99ce8de7fa119fbaa671f95b2c00

2024-04-25 17:54:36,762 INFO [dump-all-ok] oracle.yml+DEFAULT_GROUP, 1714037139000, length=4792, md5=39156607fe43279f3136d3bc188cc4ff

2024-04-25 17:54:36,772 INFO [dump-all-ok] sqlserver.yml+DEFAULT_GROUP, 1714037139000, length=4757, md5=1d6f0e3305c0eb4a6c5d1773a42139c8

