2024-04-25 17:04:39,441 INFO [long-pulling] client count 0

2024-04-25 17:04:49,359 INFO groupCount = 0, subscriberClientCount = 0, subscriberCount = 0

2024-04-25 17:04:49,385 INFO toNotifyTaskSize = 0

2024-04-25 17:04:49,446 INFO [long-pulling] client count 0

2024-04-25 17:04:59,362 INFO groupCount = 0, subscriberClientCount = 0, subscriberCount = 0

2024-04-25 17:04:59,388 INFO toNotifyTaskSize = 0

2024-04-25 17:04:59,450 INFO [long-pulling] client count 0

2024-04-25 17:05:09,363 INFO groupCount = 0, subscriberClientCount = 0, subscriberCount = 0

2024-04-25 17:05:09,390 INFO toNotifyTaskSize = 0

2024-04-25 17:05:09,451 INFO [long-pulling] client count 0

2024-04-25 17:05:19,364 INFO groupCount = 0, subscriberClientCount = 0, subscriberCount = 0

2024-04-25 17:05:19,390 INFO toNotifyTaskSize = 0

2024-04-25 17:05:19,457 INFO [long-pulling] client count 0

2024-04-25 17:05:29,367 INFO groupCount = 0, subscriberClientCount = 0, subscriberCount = 0

2024-04-25 17:05:29,393 INFO toNotifyTaskSize = 0

2024-04-25 17:05:29,460 INFO [long-pulling] client count 0

2024-04-25 17:05:39,367 INFO groupCount = 0, subscriberClientCount = 0, subscriberCount = 0

2024-04-25 17:05:39,394 INFO toNotifyTaskSize = 0

2024-04-25 17:05:39,461 INFO [long-pulling] client count 0

2024-04-25 17:05:49,373 INFO groupCount = 0, subscriberClientCount = 0, subscriberCount = 0

2024-04-25 17:05:49,403 INFO toNotifyTaskSize = 0

2024-04-25 17:05:49,466 INFO [long-pulling] client count 0

2024-04-25 17:05:59,376 INFO groupCount = 0, subscriberClientCount = 0, subscriberCount = 0

2024-04-25 17:05:59,405 INFO toNotifyTaskSize = 0

2024-04-25 17:05:59,467 INFO [long-pulling] client count 0

2024-04-25 17:06:09,378 INFO groupCount = 0, subscriberClientCount = 0, subscriberCount = 0

2024-04-25 17:06:09,406 INFO toNotifyTaskSize = 0

2024-04-25 17:06:09,468 INFO [long-pulling] client count 0

2024-04-25 17:06:19,385 INFO groupCount = 0, subscriberClientCount = 0, subscriberCount = 0

2024-04-25 17:06:19,417 INFO toNotifyTaskSize = 0

2024-04-25 17:06:19,478 INFO [long-pulling] client count 0

2024-04-25 17:06:29,387 INFO groupCount = 0, subscriberClientCount = 0, subscriberCount = 0

2024-04-25 17:06:29,418 INFO toNotifyTaskSize = 0

2024-04-25 17:06:29,480 INFO [long-pulling] client count 0

2024-04-25 17:06:39,389 INFO groupCount = 0, subscriberClientCount = 0, subscriberCount = 0

2024-04-25 17:06:39,419 INFO toNotifyTaskSize = 0

2024-04-25 17:06:39,481 INFO [long-pulling] client count 0

2024-04-25 17:06:49,392 INFO groupCount = 0, subscriberClientCount = 0, subscriberCount = 0

2024-04-25 17:06:49,422 INFO toNotifyTaskSize = 0

2024-04-25 17:06:49,481 INFO [long-pulling] client count 0

2024-04-25 17:06:59,394 INFO groupCount = 0, subscriberClientCount = 0, subscriberCount = 0

2024-04-25 17:06:59,423 INFO toNotifyTaskSize = 0

2024-04-25 17:06:59,485 INFO [long-pulling] client count 0

2024-04-25 17:25:07,424 INFO [long-pulling] client count 0

2024-04-25 17:25:17,350 INFO groupCount = 0, subscriberClientCount = 0, subscriberCount = 0

2024-04-25 17:25:17,351 INFO toNotifyTaskSize = 0

2024-04-25 17:25:17,351 INFO toClientNotifyTaskSize = 0

2024-04-25 17:25:17,424 INFO [long-pulling] client count 0

2024-04-25 17:25:27,351 INFO groupCount = 0, subscriberClientCount = 0, subscriberCount = 0

2024-04-25 17:25:27,352 INFO toNotifyTaskSize = 0

2024-04-25 17:25:27,352 INFO toClientNotifyTaskSize = 0

2024-04-25 17:25:27,425 INFO [long-pulling] client count 0

2024-04-25 17:25:37,362 INFO groupCount = 0, subscriberClientCount = 0, subscriberCount = 0

2024-04-25 17:25:37,362 INFO toNotifyTaskSize = 0

2024-04-25 17:25:37,362 INFO toClientNotifyTaskSize = 0

2024-04-25 17:25:37,426 INFO [long-pulling] client count 0

2024-04-25 17:25:47,363 INFO groupCount = 12, subscriberClientCount = 0, subscriberCount = 0

2024-04-25 17:25:47,363 INFO toNotifyTaskSize = 0

2024-04-25 17:25:47,363 INFO toClientNotifyTaskSize = 0

2024-04-25 17:25:47,427 INFO [long-pulling] client count 0

2024-04-25 17:25:57,366 INFO groupCount = 12, subscriberClientCount = 0, subscriberCount = 0

2024-04-25 17:25:57,367 INFO toNotifyTaskSize = 0

2024-04-25 17:25:57,367 INFO toClientNotifyTaskSize = 0

2024-04-25 17:25:57,427 INFO [long-pulling] client count 0

2024-04-25 17:26:07,367 INFO groupCount = 12, subscriberClientCount = 0, subscriberCount = 0

2024-04-25 17:26:07,367 INFO toNotifyTaskSize = 0

2024-04-25 17:26:07,367 INFO toClientNotifyTaskSize = 0

2024-04-25 17:26:07,428 INFO [long-pulling] client count 0

2024-04-25 17:26:17,370 INFO groupCount = 12, subscriberClientCount = 0, subscriberCount = 0

2024-04-25 17:26:17,371 INFO toNotifyTaskSize = 0

2024-04-25 17:26:17,371 INFO toClientNotifyTaskSize = 0

2024-04-25 17:26:17,431 INFO [long-pulling] client count 0

2024-04-25 17:26:27,371 INFO groupCount = 12, subscriberClientCount = 0, subscriberCount = 0

2024-04-25 17:26:27,372 INFO toNotifyTaskSize = 0

2024-04-25 17:26:27,372 INFO toClientNotifyTaskSize = 0

2024-04-25 17:26:27,434 INFO [long-pulling] client count 0

2024-04-25 17:26:37,372 INFO groupCount = 12, subscriberClientCount = 0, subscriberCount = 0

2024-04-25 17:26:37,372 INFO toNotifyTaskSize = 0

2024-04-25 17:26:37,372 INFO toClientNotifyTaskSize = 0

2024-04-25 17:26:37,434 INFO [long-pulling] client count 0

2024-04-25 17:26:47,373 INFO groupCount = 12, subscriberClientCount = 0, subscriberCount = 0

2024-04-25 17:26:47,373 INFO toNotifyTaskSize = 0

2024-04-25 17:26:47,373 INFO toClientNotifyTaskSize = 0

2024-04-25 17:26:47,435 INFO [long-pulling] client count 0

2024-04-25 17:26:57,374 INFO groupCount = 12, subscriberClientCount = 0, subscriberCount = 0

2024-04-25 17:26:57,374 INFO toNotifyTaskSize = 0

2024-04-25 17:26:57,374 INFO toClientNotifyTaskSize = 0

2024-04-25 17:26:57,436 INFO [long-pulling] client count 0

2024-04-25 17:27:07,376 INFO groupCount = 12, subscriberClientCount = 0, subscriberCount = 0

2024-04-25 17:27:07,376 INFO toNotifyTaskSize = 0

2024-04-25 17:27:07,376 INFO toClientNotifyTaskSize = 0

2024-04-25 17:27:07,437 INFO [long-pulling] client count 0

2024-04-25 17:27:17,377 INFO groupCount = 12, subscriberClientCount = 0, subscriberCount = 0

2024-04-25 17:27:17,377 INFO toNotifyTaskSize = 0

2024-04-25 17:27:17,377 INFO toClientNotifyTaskSize = 0

2024-04-25 17:27:17,440 INFO [long-pulling] client count 0

2024-04-25 17:27:27,377 INFO groupCount = 12, subscriberClientCount = 0, subscriberCount = 0

2024-04-25 17:27:27,377 INFO toNotifyTaskSize = 0

2024-04-25 17:27:27,377 INFO toClientNotifyTaskSize = 0

2024-04-25 17:27:27,441 INFO [long-pulling] client count 0

2024-04-25 17:27:37,379 INFO groupCount = 12, subscriberClientCount = 0, subscriberCount = 0

2024-04-25 17:27:37,379 INFO toNotifyTaskSize = 0

2024-04-25 17:27:37,379 INFO toClientNotifyTaskSize = 0

2024-04-25 17:27:37,442 INFO [long-pulling] client count 0

2024-04-25 17:27:47,381 INFO groupCount = 12, subscriberClientCount = 0, subscriberCount = 0

2024-04-25 17:27:47,381 INFO toNotifyTaskSize = 0

2024-04-25 17:27:47,381 INFO toClientNotifyTaskSize = 0

2024-04-25 17:27:47,443 INFO [long-pulling] client count 0

2024-04-25 17:27:57,381 INFO groupCount = 12, subscriberClientCount = 0, subscriberCount = 0

2024-04-25 17:27:57,382 INFO toNotifyTaskSize = 0

2024-04-25 17:27:57,382 INFO toClientNotifyTaskSize = 0

2024-04-25 17:27:57,446 INFO [long-pulling] client count 0

2024-04-25 17:28:07,394 INFO groupCount = 12, subscriberClientCount = 0, subscriberCount = 0

2024-04-25 17:28:07,395 INFO toNotifyTaskSize = 0

2024-04-25 17:28:07,395 INFO toClientNotifyTaskSize = 0

2024-04-25 17:28:07,456 INFO [long-pulling] client count 0

2024-04-25 17:28:17,397 INFO groupCount = 12, subscriberClientCount = 0, subscriberCount = 0

2024-04-25 17:28:17,397 INFO toNotifyTaskSize = 0

2024-04-25 17:28:17,397 INFO toClientNotifyTaskSize = 0

2024-04-25 17:28:17,459 INFO [long-pulling] client count 0

2024-04-25 17:28:27,398 INFO groupCount = 12, subscriberClientCount = 0, subscriberCount = 0

2024-04-25 17:28:27,398 INFO toNotifyTaskSize = 0

2024-04-25 17:28:27,398 INFO toClientNotifyTaskSize = 0

2024-04-25 17:28:27,460 INFO [long-pulling] client count 0

2024-04-25 17:28:37,400 INFO groupCount = 12, subscriberClientCount = 0, subscriberCount = 0

2024-04-25 17:28:37,401 INFO toNotifyTaskSize = 0

2024-04-25 17:28:37,401 INFO toClientNotifyTaskSize = 0

2024-04-25 17:28:37,462 INFO [long-pulling] client count 0

2024-04-25 17:28:47,402 INFO groupCount = 12, subscriberClientCount = 0, subscriberCount = 0

2024-04-25 17:28:47,402 INFO toNotifyTaskSize = 0

2024-04-25 17:28:47,402 INFO toClientNotifyTaskSize = 0

2024-04-25 17:28:47,462 INFO [long-pulling] client count 0

2024-04-25 17:28:57,403 INFO groupCount = 12, subscriberClientCount = 0, subscriberCount = 0

2024-04-25 17:28:57,404 INFO toNotifyTaskSize = 0

2024-04-25 17:28:57,404 INFO toClientNotifyTaskSize = 0

2024-04-25 17:28:57,463 INFO [long-pulling] client count 0

2024-04-25 17:29:07,405 INFO groupCount = 12, subscriberClientCount = 0, subscriberCount = 0

2024-04-25 17:29:07,405 INFO toNotifyTaskSize = 0

2024-04-25 17:29:07,405 INFO toClientNotifyTaskSize = 0

2024-04-25 17:29:07,463 INFO [long-pulling] client count 0

2024-04-25 17:29:17,408 INFO groupCount = 12, subscriberClientCount = 0, subscriberCount = 0

2024-04-25 17:29:17,408 INFO toNotifyTaskSize = 0

2024-04-25 17:29:17,408 INFO toClientNotifyTaskSize = 0

2024-04-25 17:29:17,465 INFO [long-pulling] client count 0

2024-04-25 17:29:27,410 INFO groupCount = 12, subscriberClientCount = 0, subscriberCount = 0

2024-04-25 17:29:27,410 INFO toNotifyTaskSize = 0

2024-04-25 17:29:27,410 INFO toClientNotifyTaskSize = 0

2024-04-25 17:29:27,466 INFO [long-pulling] client count 0

2024-04-25 17:29:37,410 INFO groupCount = 12, subscriberClientCount = 0, subscriberCount = 0

2024-04-25 17:29:37,410 INFO toNotifyTaskSize = 0

2024-04-25 17:29:37,410 INFO toClientNotifyTaskSize = 0

2024-04-25 17:29:37,468 INFO [long-pulling] client count 0

2024-04-25 17:29:47,412 INFO groupCount = 12, subscriberClientCount = 0, subscriberCount = 0

2024-04-25 17:29:47,412 INFO toNotifyTaskSize = 0

2024-04-25 17:29:47,412 INFO toClientNotifyTaskSize = 0

2024-04-25 17:29:47,468 INFO [long-pulling] client count 0

2024-04-25 17:29:57,413 INFO groupCount = 12, subscriberClientCount = 0, subscriberCount = 0

2024-04-25 17:29:57,413 INFO toNotifyTaskSize = 0

2024-04-25 17:29:57,413 INFO toClientNotifyTaskSize = 0

2024-04-25 17:29:57,470 INFO [long-pulling] client count 0

2024-04-25 17:30:07,414 INFO groupCount = 12, subscriberClientCount = 0, subscriberCount = 0

2024-04-25 17:30:07,414 INFO toNotifyTaskSize = 0

2024-04-25 17:30:07,414 INFO toClientNotifyTaskSize = 0

2024-04-25 17:30:07,471 INFO [long-pulling] client count 0

2024-04-25 17:30:17,414 INFO groupCount = 12, subscriberClientCount = 0, subscriberCount = 0

2024-04-25 17:30:17,414 INFO toNotifyTaskSize = 0

2024-04-25 17:30:17,415 INFO toClientNotifyTaskSize = 0

2024-04-25 17:30:17,474 INFO [long-pulling] client count 0

2024-04-25 17:30:27,416 INFO groupCount = 12, subscriberClientCount = 0, subscriberCount = 0

2024-04-25 17:30:27,416 INFO toNotifyTaskSize = 0

2024-04-25 17:30:27,416 INFO toClientNotifyTaskSize = 0

2024-04-25 17:30:27,474 INFO [long-pulling] client count 0

2024-04-25 17:30:37,418 INFO groupCount = 12, subscriberClientCount = 0, subscriberCount = 0

2024-04-25 17:30:37,419 INFO toNotifyTaskSize = 0

2024-04-25 17:30:37,419 INFO toClientNotifyTaskSize = 0

2024-04-25 17:30:37,478 INFO [long-pulling] client count 0

2024-04-25 17:30:47,419 INFO groupCount = 12, subscriberClientCount = 0, subscriberCount = 0

2024-04-25 17:30:47,419 INFO toNotifyTaskSize = 0

2024-04-25 17:30:47,419 INFO toClientNotifyTaskSize = 0

2024-04-25 17:30:47,480 INFO [long-pulling] client count 0

2024-04-25 17:30:57,422 INFO groupCount = 12, subscriberClientCount = 0, subscriberCount = 0

2024-04-25 17:30:57,422 INFO toNotifyTaskSize = 0

2024-04-25 17:30:57,422 INFO toClientNotifyTaskSize = 0

2024-04-25 17:30:57,488 INFO [long-pulling] client count 0

2024-04-25 17:31:07,423 INFO groupCount = 12, subscriberClientCount = 0, subscriberCount = 0

2024-04-25 17:31:07,423 INFO toNotifyTaskSize = 0

2024-04-25 17:31:07,423 INFO toClientNotifyTaskSize = 0

2024-04-25 17:31:07,489 INFO [long-pulling] client count 0

2024-04-25 17:31:17,438 INFO groupCount = 12, subscriberClientCount = 0, subscriberCount = 0

2024-04-25 17:31:17,438 INFO toNotifyTaskSize = 0

2024-04-25 17:31:17,438 INFO toClientNotifyTaskSize = 0

2024-04-25 17:31:17,499 INFO [long-pulling] client count 0

2024-04-25 17:31:27,438 INFO groupCount = 12, subscriberClientCount = 0, subscriberCount = 0

2024-04-25 17:31:27,438 INFO toNotifyTaskSize = 0

2024-04-25 17:31:27,438 INFO toClientNotifyTaskSize = 0

2024-04-25 17:31:27,501 INFO [long-pulling] client count 0

2024-04-25 17:31:37,440 INFO groupCount = 12, subscriberClientCount = 0, subscriberCount = 0

2024-04-25 17:31:37,440 INFO toNotifyTaskSize = 0

2024-04-25 17:31:37,440 INFO toClientNotifyTaskSize = 0

2024-04-25 17:31:37,503 INFO [long-pulling] client count 0

2024-04-25 17:31:47,441 INFO groupCount = 12, subscriberClientCount = 0, subscriberCount = 0

2024-04-25 17:31:47,441 INFO toNotifyTaskSize = 0

2024-04-25 17:31:47,441 INFO toClientNotifyTaskSize = 0

2024-04-25 17:31:47,503 INFO [long-pulling] client count 0

2024-04-25 17:31:57,442 INFO groupCount = 12, subscriberClientCount = 0, subscriberCount = 0

2024-04-25 17:31:57,442 INFO toNotifyTaskSize = 0

2024-04-25 17:31:57,442 INFO toClientNotifyTaskSize = 0

2024-04-25 17:31:57,505 INFO [long-pulling] client count 0

2024-04-25 17:32:07,443 INFO groupCount = 12, subscriberClientCount = 0, subscriberCount = 0

2024-04-25 17:32:07,443 INFO toNotifyTaskSize = 0

2024-04-25 17:32:07,443 INFO toClientNotifyTaskSize = 0

2024-04-25 17:32:07,506 INFO [long-pulling] client count 0

2024-04-25 17:32:17,445 INFO groupCount = 12, subscriberClientCount = 0, subscriberCount = 0

2024-04-25 17:32:17,445 INFO toNotifyTaskSize = 0

2024-04-25 17:32:17,445 INFO toClientNotifyTaskSize = 0

2024-04-25 17:32:17,509 INFO [long-pulling] client count 0

2024-04-25 17:32:27,447 INFO groupCount = 12, subscriberClientCount = 0, subscriberCount = 0

2024-04-25 17:32:27,447 INFO toNotifyTaskSize = 0

2024-04-25 17:32:27,447 INFO toClientNotifyTaskSize = 0

2024-04-25 17:32:27,509 INFO [long-pulling] client count 0

2024-04-25 17:32:37,447 INFO groupCount = 12, subscriberClientCount = 0, subscriberCount = 0

2024-04-25 17:32:37,447 INFO toNotifyTaskSize = 0

2024-04-25 17:32:37,447 INFO toClientNotifyTaskSize = 0

2024-04-25 17:32:37,510 INFO [long-pulling] client count 0

2024-04-25 17:32:47,449 INFO groupCount = 12, subscriberClientCount = 0, subscriberCount = 0

2024-04-25 17:32:47,449 INFO toNotifyTaskSize = 0

2024-04-25 17:32:47,449 INFO toClientNotifyTaskSize = 0

2024-04-25 17:32:47,511 INFO [long-pulling] client count 0

2024-04-25 17:32:57,450 INFO groupCount = 12, subscriberClientCount = 0, subscriberCount = 0

2024-04-25 17:32:57,450 INFO toNotifyTaskSize = 0

2024-04-25 17:32:57,450 INFO toClientNotifyTaskSize = 0

2024-04-25 17:32:57,512 INFO [long-pulling] client count 0

2024-04-25 17:33:07,451 INFO groupCount = 12, subscriberClientCount = 0, subscriberCount = 0

2024-04-25 17:33:07,452 INFO toNotifyTaskSize = 0

2024-04-25 17:33:07,452 INFO toClientNotifyTaskSize = 0

2024-04-25 17:33:07,512 INFO [long-pulling] client count 0

2024-04-25 17:33:17,452 INFO groupCount = 12, subscriberClientCount = 0, subscriberCount = 0

2024-04-25 17:33:17,453 INFO toNotifyTaskSize = 0

2024-04-25 17:33:17,453 INFO toClientNotifyTaskSize = 0

2024-04-25 17:33:17,515 INFO [long-pulling] client count 0

2024-04-25 17:33:27,456 INFO groupCount = 12, subscriberClientCount = 0, subscriberCount = 0

2024-04-25 17:33:27,456 INFO toNotifyTaskSize = 0

2024-04-25 17:33:27,456 INFO toClientNotifyTaskSize = 0

2024-04-25 17:33:27,518 INFO [long-pulling] client count 0

2024-04-25 17:33:37,457 INFO groupCount = 12, subscriberClientCount = 0, subscriberCount = 0

2024-04-25 17:33:37,457 INFO toNotifyTaskSize = 0

2024-04-25 17:33:37,457 INFO toClientNotifyTaskSize = 0

2024-04-25 17:33:37,519 INFO [long-pulling] client count 0

2024-04-25 17:33:47,458 INFO groupCount = 12, subscriberClientCount = 0, subscriberCount = 0

2024-04-25 17:33:47,458 INFO toNotifyTaskSize = 0

2024-04-25 17:33:47,458 INFO toClientNotifyTaskSize = 0

2024-04-25 17:33:47,521 INFO [long-pulling] client count 0

2024-04-25 17:33:57,458 INFO groupCount = 12, subscriberClientCount = 0, subscriberCount = 0

2024-04-25 17:33:57,459 INFO toNotifyTaskSize = 0

2024-04-25 17:33:57,459 INFO toClientNotifyTaskSize = 0

2024-04-25 17:33:57,522 INFO [long-pulling] client count 0

2024-04-25 17:34:07,460 INFO groupCount = 12, subscriberClientCount = 0, subscriberCount = 0

2024-04-25 17:34:07,460 INFO toNotifyTaskSize = 0

2024-04-25 17:34:07,460 INFO toClientNotifyTaskSize = 0

2024-04-25 17:34:07,524 INFO [long-pulling] client count 0

2024-04-25 17:34:17,463 INFO groupCount = 12, subscriberClientCount = 0, subscriberCount = 0

2024-04-25 17:34:17,463 INFO toNotifyTaskSize = 0

2024-04-25 17:34:17,463 INFO toClientNotifyTaskSize = 0

2024-04-25 17:34:17,528 INFO [long-pulling] client count 0

2024-04-25 17:34:27,465 INFO groupCount = 12, subscriberClientCount = 0, subscriberCount = 0

2024-04-25 17:34:27,465 INFO toNotifyTaskSize = 0

2024-04-25 17:34:27,465 INFO toClientNotifyTaskSize = 0

2024-04-25 17:34:27,529 INFO [long-pulling] client count 0

2024-04-25 17:34:37,466 INFO groupCount = 12, subscriberClientCount = 0, subscriberCount = 0

2024-04-25 17:34:37,466 INFO toNotifyTaskSize = 0

2024-04-25 17:34:37,466 INFO toClientNotifyTaskSize = 0

2024-04-25 17:34:37,531 INFO [long-pulling] client count 0

2024-04-25 17:34:47,468 INFO groupCount = 12, subscriberClientCount = 0, subscriberCount = 0

2024-04-25 17:34:47,469 INFO toNotifyTaskSize = 0

2024-04-25 17:34:47,469 INFO toClientNotifyTaskSize = 0

2024-04-25 17:34:47,531 INFO [long-pulling] client count 0

2024-04-25 17:34:57,471 INFO groupCount = 12, subscriberClientCount = 0, subscriberCount = 0

2024-04-25 17:34:57,471 INFO toNotifyTaskSize = 0

2024-04-25 17:34:57,472 INFO toClientNotifyTaskSize = 0

2024-04-25 17:34:57,533 INFO [long-pulling] client count 0

2024-04-25 17:35:07,472 INFO groupCount = 12, subscriberClientCount = 0, subscriberCount = 0

2024-04-25 17:35:07,472 INFO toNotifyTaskSize = 0

2024-04-25 17:35:07,472 INFO toClientNotifyTaskSize = 0

2024-04-25 17:35:07,533 INFO [long-pulling] client count 0

2024-04-25 17:35:17,473 INFO groupCount = 12, subscriberClientCount = 0, subscriberCount = 0

2024-04-25 17:35:17,473 INFO toNotifyTaskSize = 0

2024-04-25 17:35:17,473 INFO toClientNotifyTaskSize = 0

2024-04-25 17:35:17,534 INFO [long-pulling] client count 0

2024-04-25 17:35:27,475 INFO groupCount = 12, subscriberClientCount = 0, subscriberCount = 0

2024-04-25 17:35:27,475 INFO toNotifyTaskSize = 0

2024-04-25 17:35:27,475 INFO toClientNotifyTaskSize = 0

2024-04-25 17:35:27,534 INFO [long-pulling] client count 0

2024-04-25 17:35:37,477 INFO groupCount = 12, subscriberClientCount = 0, subscriberCount = 0

2024-04-25 17:35:37,477 INFO toNotifyTaskSize = 0

2024-04-25 17:35:37,477 INFO toClientNotifyTaskSize = 0

2024-04-25 17:35:37,534 INFO [long-pulling] client count 0

2024-04-25 17:35:47,479 INFO groupCount = 12, subscriberClientCount = 0, subscriberCount = 0

2024-04-25 17:35:47,479 INFO toNotifyTaskSize = 0

2024-04-25 17:35:47,479 INFO toClientNotifyTaskSize = 0

2024-04-25 17:35:47,537 INFO [long-pulling] client count 0

2024-04-25 17:35:57,480 INFO groupCount = 12, subscriberClientCount = 0, subscriberCount = 0

2024-04-25 17:35:57,480 INFO toNotifyTaskSize = 0

2024-04-25 17:35:57,480 INFO toClientNotifyTaskSize = 0

2024-04-25 17:35:57,539 INFO [long-pulling] client count 0

2024-04-25 17:36:07,484 INFO groupCount = 12, subscriberClientCount = 0, subscriberCount = 0

2024-04-25 17:36:07,484 INFO toNotifyTaskSize = 0

2024-04-25 17:36:07,484 INFO toClientNotifyTaskSize = 0

2024-04-25 17:36:07,543 INFO [long-pulling] client count 0

2024-04-25 17:36:17,487 INFO groupCount = 12, subscriberClientCount = 0, subscriberCount = 0

2024-04-25 17:36:17,487 INFO toNotifyTaskSize = 0

2024-04-25 17:36:17,487 INFO toClientNotifyTaskSize = 0

2024-04-25 17:36:17,545 INFO [long-pulling] client count 0

2024-04-25 17:36:27,489 INFO groupCount = 12, subscriberClientCount = 0, subscriberCount = 0

2024-04-25 17:36:27,489 INFO toNotifyTaskSize = 0

2024-04-25 17:36:27,489 INFO toClientNotifyTaskSize = 0

2024-04-25 17:36:27,546 INFO [long-pulling] client count 0

2024-04-25 17:36:37,490 INFO groupCount = 12, subscriberClientCount = 0, subscriberCount = 0

2024-04-25 17:36:37,490 INFO toNotifyTaskSize = 0

2024-04-25 17:36:37,490 INFO toClientNotifyTaskSize = 0

2024-04-25 17:36:37,549 INFO [long-pulling] client count 0

2024-04-25 17:36:47,491 INFO groupCount = 12, subscriberClientCount = 0, subscriberCount = 0

2024-04-25 17:36:47,492 INFO toNotifyTaskSize = 0

2024-04-25 17:36:47,492 INFO toClientNotifyTaskSize = 0

2024-04-25 17:36:47,557 INFO [long-pulling] client count 0

2024-04-25 17:36:57,501 INFO groupCount = 12, subscriberClientCount = 0, subscriberCount = 0

2024-04-25 17:36:57,501 INFO toNotifyTaskSize = 0

2024-04-25 17:36:57,501 INFO toClientNotifyTaskSize = 0

2024-04-25 17:36:57,562 INFO [long-pulling] client count 0

2024-04-25 17:37:07,502 INFO groupCount = 12, subscriberClientCount = 0, subscriberCount = 0

2024-04-25 17:37:07,502 INFO toNotifyTaskSize = 0

2024-04-25 17:37:07,502 INFO toClientNotifyTaskSize = 0

2024-04-25 17:37:07,563 INFO [long-pulling] client count 0

2024-04-25 17:37:17,503 INFO groupCount = 12, subscriberClientCount = 0, subscriberCount = 0

2024-04-25 17:37:17,503 INFO toNotifyTaskSize = 0

2024-04-25 17:37:17,503 INFO toClientNotifyTaskSize = 0

2024-04-25 17:37:17,563 INFO [long-pulling] client count 0

2024-04-25 17:37:27,505 INFO groupCount = 12, subscriberClientCount = 0, subscriberCount = 0

2024-04-25 17:37:27,507 INFO toNotifyTaskSize = 0

2024-04-25 17:37:27,507 INFO toClientNotifyTaskSize = 0

2024-04-25 17:37:27,565 INFO [long-pulling] client count 0

2024-04-25 17:37:37,521 INFO groupCount = 12, subscriberClientCount = 0, subscriberCount = 0

2024-04-25 17:37:37,521 INFO toNotifyTaskSize = 0

2024-04-25 17:37:37,521 INFO toClientNotifyTaskSize = 0

2024-04-25 17:37:37,567 INFO [long-pulling] client count 0

2024-04-25 17:37:47,522 INFO groupCount = 12, subscriberClientCount = 0, subscriberCount = 0

2024-04-25 17:37:47,522 INFO toNotifyTaskSize = 0

2024-04-25 17:37:47,522 INFO toClientNotifyTaskSize = 0

2024-04-25 17:37:47,570 INFO [long-pulling] client count 0

2024-04-25 17:37:57,525 INFO groupCount = 12, subscriberClientCount = 0, subscriberCount = 0

2024-04-25 17:37:57,525 INFO toNotifyTaskSize = 0

2024-04-25 17:37:57,525 INFO toClientNotifyTaskSize = 0

2024-04-25 17:37:57,573 INFO [long-pulling] client count 0

2024-04-25 17:38:07,526 INFO groupCount = 12, subscriberClientCount = 0, subscriberCount = 0

2024-04-25 17:38:07,526 INFO toNotifyTaskSize = 0

2024-04-25 17:38:07,526 INFO toClientNotifyTaskSize = 0

2024-04-25 17:38:07,575 INFO [long-pulling] client count 0

2024-04-25 17:38:17,526 INFO groupCount = 12, subscriberClientCount = 0, subscriberCount = 0

2024-04-25 17:38:17,527 INFO toNotifyTaskSize = 0

2024-04-25 17:38:17,527 INFO toClientNotifyTaskSize = 0

2024-04-25 17:38:17,578 INFO [long-pulling] client count 0

2024-04-25 17:38:27,527 INFO groupCount = 12, subscriberClientCount = 0, subscriberCount = 0

2024-04-25 17:38:27,527 INFO toNotifyTaskSize = 0

2024-04-25 17:38:27,527 INFO toClientNotifyTaskSize = 0

2024-04-25 17:38:27,581 INFO [long-pulling] client count 0

2024-04-25 17:38:37,530 INFO groupCount = 12, subscriberClientCount = 0, subscriberCount = 0

2024-04-25 17:38:37,530 INFO toNotifyTaskSize = 0

2024-04-25 17:38:37,530 INFO toClientNotifyTaskSize = 0

2024-04-25 17:38:37,583 INFO [long-pulling] client count 0

2024-04-25 17:38:47,531 INFO groupCount = 12, subscriberClientCount = 0, subscriberCount = 0

2024-04-25 17:38:47,531 INFO toNotifyTaskSize = 0

2024-04-25 17:38:47,531 INFO toClientNotifyTaskSize = 0

2024-04-25 17:38:47,583 INFO [long-pulling] client count 0

2024-04-25 17:38:57,533 INFO groupCount = 12, subscriberClientCount = 0, subscriberCount = 0

2024-04-25 17:38:57,533 INFO toNotifyTaskSize = 0

2024-04-25 17:38:57,533 INFO toClientNotifyTaskSize = 0

2024-04-25 17:38:57,586 INFO [long-pulling] client count 0

2024-04-25 17:39:07,536 INFO groupCount = 12, subscriberClientCount = 0, subscriberCount = 0

2024-04-25 17:39:07,536 INFO toNotifyTaskSize = 0

2024-04-25 17:39:07,536 INFO toClientNotifyTaskSize = 0

2024-04-25 17:39:07,586 INFO [long-pulling] client count 0

2024-04-25 17:39:17,537 INFO groupCount = 12, subscriberClientCount = 0, subscriberCount = 0

2024-04-25 17:39:17,537 INFO toNotifyTaskSize = 0

2024-04-25 17:39:17,537 INFO toClientNotifyTaskSize = 0

2024-04-25 17:39:17,588 INFO [long-pulling] client count 0

2024-04-25 17:39:27,538 INFO groupCount = 12, subscriberClientCount = 0, subscriberCount = 0

2024-04-25 17:39:27,539 INFO toNotifyTaskSize = 0

2024-04-25 17:39:27,539 INFO toClientNotifyTaskSize = 0

2024-04-25 17:39:27,589 INFO [long-pulling] client count 0

2024-04-25 17:39:37,550 INFO groupCount = 12, subscriberClientCount = 0, subscriberCount = 0

2024-04-25 17:39:37,550 INFO toNotifyTaskSize = 0

2024-04-25 17:39:37,550 INFO toClientNotifyTaskSize = 0

2024-04-25 17:39:37,596 INFO [long-pulling] client count 0

2024-04-25 17:39:47,553 INFO groupCount = 12, subscriberClientCount = 0, subscriberCount = 0

2024-04-25 17:39:47,553 INFO toNotifyTaskSize = 0

2024-04-25 17:39:47,553 INFO toClientNotifyTaskSize = 0

2024-04-25 17:39:47,600 INFO [long-pulling] client count 0

2024-04-25 17:39:57,555 INFO groupCount = 12, subscriberClientCount = 0, subscriberCount = 0

2024-04-25 17:39:57,555 INFO toNotifyTaskSize = 0

2024-04-25 17:39:57,555 INFO toClientNotifyTaskSize = 0

2024-04-25 17:39:57,601 INFO [long-pulling] client count 0

2024-04-25 17:40:07,569 INFO groupCount = 12, subscriberClientCount = 0, subscriberCount = 0

2024-04-25 17:40:07,570 INFO toNotifyTaskSize = 0

2024-04-25 17:40:07,570 INFO toClientNotifyTaskSize = 0

2024-04-25 17:40:07,616 INFO [long-pulling] client count 0

2024-04-25 17:40:17,570 INFO groupCount = 12, subscriberClientCount = 0, subscriberCount = 0

2024-04-25 17:40:17,571 INFO toNotifyTaskSize = 0

2024-04-25 17:40:17,571 INFO toClientNotifyTaskSize = 0

2024-04-25 17:40:17,617 INFO [long-pulling] client count 0

2024-04-25 17:40:27,572 INFO groupCount = 12, subscriberClientCount = 0, subscriberCount = 0

2024-04-25 17:40:27,572 INFO toNotifyTaskSize = 0

2024-04-25 17:40:27,572 INFO toClientNotifyTaskSize = 0

2024-04-25 17:40:27,620 INFO [long-pulling] client count 0

2024-04-25 17:40:37,574 INFO groupCount = 12, subscriberClientCount = 0, subscriberCount = 0

2024-04-25 17:40:37,575 INFO toNotifyTaskSize = 0

2024-04-25 17:40:37,575 INFO toClientNotifyTaskSize = 0

2024-04-25 17:40:37,623 INFO [long-pulling] client count 0

2024-04-25 17:40:47,576 INFO groupCount = 12, subscriberClientCount = 0, subscriberCount = 0

2024-04-25 17:40:47,576 INFO toNotifyTaskSize = 0

2024-04-25 17:40:47,576 INFO toClientNotifyTaskSize = 0

2024-04-25 17:40:47,624 INFO [long-pulling] client count 0

2024-04-25 17:40:57,578 INFO groupCount = 12, subscriberClientCount = 0, subscriberCount = 0

2024-04-25 17:40:57,578 INFO toNotifyTaskSize = 0

2024-04-25 17:40:57,578 INFO toClientNotifyTaskSize = 0

2024-04-25 17:40:57,626 INFO [long-pulling] client count 0

2024-04-25 17:41:07,581 INFO groupCount = 12, subscriberClientCount = 0, subscriberCount = 0

2024-04-25 17:41:07,581 INFO toNotifyTaskSize = 0

2024-04-25 17:41:07,581 INFO toClientNotifyTaskSize = 0

2024-04-25 17:41:07,626 INFO [long-pulling] client count 0

2024-04-25 17:41:17,582 INFO groupCount = 12, subscriberClientCount = 0, subscriberCount = 0

2024-04-25 17:41:17,582 INFO toNotifyTaskSize = 0

2024-04-25 17:41:17,582 INFO toClientNotifyTaskSize = 0

2024-04-25 17:41:17,628 INFO [long-pulling] client count 0

2024-04-25 17:41:27,584 INFO groupCount = 12, subscriberClientCount = 0, subscriberCount = 0

2024-04-25 17:41:27,584 INFO toNotifyTaskSize = 0

2024-04-25 17:41:27,584 INFO toClientNotifyTaskSize = 0

2024-04-25 17:41:27,629 INFO [long-pulling] client count 0

2024-04-25 17:41:37,595 INFO groupCount = 12, subscriberClientCount = 0, subscriberCount = 0

2024-04-25 17:41:37,596 INFO toNotifyTaskSize = 0

2024-04-25 17:41:37,596 INFO toClientNotifyTaskSize = 0

2024-04-25 17:41:37,642 INFO [long-pulling] client count 0

2024-04-25 17:41:47,601 INFO groupCount = 12, subscriberClientCount = 0, subscriberCount = 0

2024-04-25 17:41:47,601 INFO toNotifyTaskSize = 0

2024-04-25 17:41:47,601 INFO toClientNotifyTaskSize = 0

2024-04-25 17:41:47,646 INFO [long-pulling] client count 0

2024-04-25 17:41:57,602 INFO groupCount = 12, subscriberClientCount = 0, subscriberCount = 0

2024-04-25 17:41:57,602 INFO toNotifyTaskSize = 0

2024-04-25 17:41:57,602 INFO toClientNotifyTaskSize = 0

2024-04-25 17:41:57,647 INFO [long-pulling] client count 0

2024-04-25 17:42:07,606 INFO groupCount = 12, subscriberClientCount = 0, subscriberCount = 0

2024-04-25 17:42:07,606 INFO toNotifyTaskSize = 0

2024-04-25 17:42:07,606 INFO toClientNotifyTaskSize = 0

2024-04-25 17:42:07,648 INFO [long-pulling] client count 0

2024-04-25 17:42:17,607 INFO groupCount = 12, subscriberClientCount = 0, subscriberCount = 0

2024-04-25 17:42:17,607 INFO toNotifyTaskSize = 0

2024-04-25 17:42:17,607 INFO toClientNotifyTaskSize = 0

2024-04-25 17:42:17,649 INFO [long-pulling] client count 0

2024-04-25 17:42:27,608 INFO groupCount = 12, subscriberClientCount = 0, subscriberCount = 0

2024-04-25 17:42:27,608 INFO toNotifyTaskSize = 0

2024-04-25 17:42:27,608 INFO toClientNotifyTaskSize = 0

2024-04-25 17:42:27,650 INFO [long-pulling] client count 0

2024-04-25 17:42:37,608 INFO groupCount = 12, subscriberClientCount = 0, subscriberCount = 0

2024-04-25 17:42:37,608 INFO toNotifyTaskSize = 0

2024-04-25 17:42:37,608 INFO toClientNotifyTaskSize = 0

2024-04-25 17:42:37,650 INFO [long-pulling] client count 0

2024-04-25 17:42:47,609 INFO groupCount = 12, subscriberClientCount = 0, subscriberCount = 0

2024-04-25 17:42:47,609 INFO toNotifyTaskSize = 0

2024-04-25 17:42:47,609 INFO toClientNotifyTaskSize = 0

2024-04-25 17:42:47,650 INFO [long-pulling] client count 0

2024-04-25 17:42:57,609 INFO groupCount = 12, subscriberClientCount = 0, subscriberCount = 0

2024-04-25 17:42:57,609 INFO toNotifyTaskSize = 0

2024-04-25 17:42:57,609 INFO toClientNotifyTaskSize = 0

2024-04-25 17:42:57,651 INFO [long-pulling] client count 0

2024-04-25 17:43:07,610 INFO groupCount = 12, subscriberClientCount = 0, subscriberCount = 0

2024-04-25 17:43:07,610 INFO toNotifyTaskSize = 0

2024-04-25 17:43:07,610 INFO toClientNotifyTaskSize = 0

2024-04-25 17:43:07,652 INFO [long-pulling] client count 0

2024-04-25 17:43:17,611 INFO groupCount = 12, subscriberClientCount = 0, subscriberCount = 0

2024-04-25 17:43:17,611 INFO toNotifyTaskSize = 0

2024-04-25 17:43:17,611 INFO toClientNotifyTaskSize = 0

2024-04-25 17:43:17,652 INFO [long-pulling] client count 0

2024-04-25 17:43:27,612 INFO groupCount = 12, subscriberClientCount = 0, subscriberCount = 0

2024-04-25 17:43:27,613 INFO toNotifyTaskSize = 0

2024-04-25 17:43:27,613 INFO toClientNotifyTaskSize = 0

2024-04-25 17:43:27,653 INFO [long-pulling] client count 0

2024-04-25 17:43:37,614 INFO groupCount = 12, subscriberClientCount = 0, subscriberCount = 0

2024-04-25 17:43:37,615 INFO toNotifyTaskSize = 0

2024-04-25 17:43:37,615 INFO toClientNotifyTaskSize = 0

2024-04-25 17:43:37,655 INFO [long-pulling] client count 0

2024-04-25 17:43:47,617 INFO groupCount = 12, subscriberClientCount = 0, subscriberCount = 0

2024-04-25 17:43:47,618 INFO toNotifyTaskSize = 0

2024-04-25 17:43:47,618 INFO toClientNotifyTaskSize = 0

2024-04-25 17:43:47,657 INFO [long-pulling] client count 0

2024-04-25 17:43:57,619 INFO groupCount = 12, subscriberClientCount = 0, subscriberCount = 0

2024-04-25 17:43:57,619 INFO toNotifyTaskSize = 0

2024-04-25 17:43:57,619 INFO toClientNotifyTaskSize = 0

2024-04-25 17:43:57,659 INFO [long-pulling] client count 0

2024-04-25 17:44:07,620 INFO groupCount = 12, subscriberClientCount = 0, subscriberCount = 0

2024-04-25 17:44:07,621 INFO toNotifyTaskSize = 0

2024-04-25 17:44:07,621 INFO toClientNotifyTaskSize = 0

2024-04-25 17:44:07,668 INFO [long-pulling] client count 0

2024-04-25 17:44:17,622 INFO groupCount = 12, subscriberClientCount = 0, subscriberCount = 0

2024-04-25 17:44:17,622 INFO toNotifyTaskSize = 0

2024-04-25 17:44:17,622 INFO toClientNotifyTaskSize = 0

2024-04-25 17:44:17,670 INFO [long-pulling] client count 0

2024-04-25 17:44:27,622 INFO groupCount = 12, subscriberClientCount = 0, subscriberCount = 0

2024-04-25 17:44:27,622 INFO toNotifyTaskSize = 0

2024-04-25 17:44:27,622 INFO toClientNotifyTaskSize = 0

2024-04-25 17:44:27,671 INFO [long-pulling] client count 0

2024-04-25 17:44:37,634 INFO groupCount = 12, subscriberClientCount = 0, subscriberCount = 0

2024-04-25 17:44:37,635 INFO toNotifyTaskSize = 0

2024-04-25 17:44:37,635 INFO toClientNotifyTaskSize = 0

2024-04-25 17:44:37,680 INFO [long-pulling] client count 0

2024-04-25 17:44:47,636 INFO groupCount = 12, subscriberClientCount = 0, subscriberCount = 0

2024-04-25 17:44:47,636 INFO toNotifyTaskSize = 0

2024-04-25 17:44:47,636 INFO toClientNotifyTaskSize = 0

2024-04-25 17:44:47,682 INFO [long-pulling] client count 0

2024-04-25 17:44:57,638 INFO groupCount = 12, subscriberClientCount = 0, subscriberCount = 0

2024-04-25 17:44:57,638 INFO toNotifyTaskSize = 0

2024-04-25 17:44:57,638 INFO toClientNotifyTaskSize = 0

2024-04-25 17:44:57,683 INFO [long-pulling] client count 0

2024-04-25 17:45:07,641 INFO groupCount = 12, subscriberClientCount = 0, subscriberCount = 0

2024-04-25 17:45:07,641 INFO toNotifyTaskSize = 0

2024-04-25 17:45:07,641 INFO toClientNotifyTaskSize = 0

2024-04-25 17:45:07,687 INFO [long-pulling] client count 0

2024-04-25 17:45:17,642 INFO groupCount = 12, subscriberClientCount = 0, subscriberCount = 0

2024-04-25 17:45:17,643 INFO toNotifyTaskSize = 0

2024-04-25 17:45:17,643 INFO toClientNotifyTaskSize = 0

2024-04-25 17:45:17,690 INFO [long-pulling] client count 0

2024-04-25 17:45:27,644 INFO groupCount = 12, subscriberClientCount = 0, subscriberCount = 0

2024-04-25 17:45:27,644 INFO toNotifyTaskSize = 0

2024-04-25 17:45:27,644 INFO toClientNotifyTaskSize = 0

2024-04-25 17:45:27,691 INFO [long-pulling] client count 0

2024-04-25 17:45:37,655 INFO groupCount = 12, subscriberClientCount = 0, subscriberCount = 0

2024-04-25 17:45:37,655 INFO toNotifyTaskSize = 0

2024-04-25 17:45:37,655 INFO toClientNotifyTaskSize = 0

2024-04-25 17:45:37,693 INFO [long-pulling] client count 0

2024-04-25 17:45:47,656 INFO groupCount = 12, subscriberClientCount = 0, subscriberCount = 0

2024-04-25 17:45:47,656 INFO toNotifyTaskSize = 0

2024-04-25 17:45:47,656 INFO toClientNotifyTaskSize = 0

2024-04-25 17:45:47,695 INFO [long-pulling] client count 0

2024-04-25 17:45:57,659 INFO groupCount = 12, subscriberClientCount = 0, subscriberCount = 0

2024-04-25 17:45:57,659 INFO toNotifyTaskSize = 0

2024-04-25 17:45:57,659 INFO toClientNotifyTaskSize = 0

2024-04-25 17:45:57,697 INFO [long-pulling] client count 0

2024-04-25 17:46:07,661 INFO groupCount = 12, subscriberClientCount = 0, subscriberCount = 0

2024-04-25 17:46:07,661 INFO toNotifyTaskSize = 0

2024-04-25 17:46:07,661 INFO toClientNotifyTaskSize = 0

2024-04-25 17:46:07,699 INFO [long-pulling] client count 0

2024-04-25 17:46:17,663 INFO groupCount = 12, subscriberClientCount = 0, subscriberCount = 0

2024-04-25 17:46:17,663 INFO toNotifyTaskSize = 0

2024-04-25 17:46:17,664 INFO toClientNotifyTaskSize = 0

2024-04-25 17:46:17,701 INFO [long-pulling] client count 0

2024-04-25 17:46:27,664 INFO groupCount = 12, subscriberClientCount = 0, subscriberCount = 0

2024-04-25 17:46:27,664 INFO toNotifyTaskSize = 0

2024-04-25 17:46:27,664 INFO toClientNotifyTaskSize = 0

2024-04-25 17:46:27,702 INFO [long-pulling] client count 0

2024-04-25 17:46:37,667 INFO groupCount = 12, subscriberClientCount = 0, subscriberCount = 0

2024-04-25 17:46:37,667 INFO toNotifyTaskSize = 0

2024-04-25 17:46:37,667 INFO toClientNotifyTaskSize = 0

2024-04-25 17:46:37,704 INFO [long-pulling] client count 0

2024-04-25 17:46:47,669 INFO groupCount = 12, subscriberClientCount = 0, subscriberCount = 0

2024-04-25 17:46:47,669 INFO toNotifyTaskSize = 0

2024-04-25 17:46:47,669 INFO toClientNotifyTaskSize = 0

2024-04-25 17:46:47,705 INFO [long-pulling] client count 0

2024-04-25 17:46:57,670 INFO groupCount = 12, subscriberClientCount = 0, subscriberCount = 0

2024-04-25 17:46:57,670 INFO toNotifyTaskSize = 0

2024-04-25 17:46:57,670 INFO toClientNotifyTaskSize = 0

2024-04-25 17:46:57,706 INFO [long-pulling] client count 0

2024-04-25 17:47:07,685 INFO groupCount = 12, subscriberClientCount = 0, subscriberCount = 0

2024-04-25 17:47:07,685 INFO toNotifyTaskSize = 0

2024-04-25 17:47:07,685 INFO toClientNotifyTaskSize = 0

2024-04-25 17:47:07,716 INFO [long-pulling] client count 0

2024-04-25 17:47:17,686 INFO groupCount = 12, subscriberClientCount = 0, subscriberCount = 0

2024-04-25 17:47:17,686 INFO toNotifyTaskSize = 0

2024-04-25 17:47:17,686 INFO toClientNotifyTaskSize = 0

2024-04-25 17:47:17,717 INFO [long-pulling] client count 0

2024-04-25 17:47:27,687 INFO groupCount = 12, subscriberClientCount = 0, subscriberCount = 0

2024-04-25 17:47:27,687 INFO toNotifyTaskSize = 0

2024-04-25 17:47:27,687 INFO toClientNotifyTaskSize = 0

2024-04-25 17:47:27,717 INFO [long-pulling] client count 0

2024-04-25 17:47:37,689 INFO groupCount = 12, subscriberClientCount = 0, subscriberCount = 0

2024-04-25 17:47:37,689 INFO toNotifyTaskSize = 0

2024-04-25 17:47:37,689 INFO toClientNotifyTaskSize = 0

2024-04-25 17:47:37,719 INFO [long-pulling] client count 0

2024-04-25 17:47:47,691 INFO groupCount = 12, subscriberClientCount = 0, subscriberCount = 0

2024-04-25 17:47:47,691 INFO toNotifyTaskSize = 0

2024-04-25 17:47:47,691 INFO toClientNotifyTaskSize = 0

2024-04-25 17:47:47,722 INFO [long-pulling] client count 0

2024-04-25 17:47:57,693 INFO groupCount = 12, subscriberClientCount = 0, subscriberCount = 0

2024-04-25 17:47:57,693 INFO toNotifyTaskSize = 0

2024-04-25 17:47:57,693 INFO toClientNotifyTaskSize = 0

2024-04-25 17:47:57,725 INFO [long-pulling] client count 0

2024-04-25 17:48:07,696 INFO groupCount = 12, subscriberClientCount = 0, subscriberCount = 0

2024-04-25 17:48:07,696 INFO toNotifyTaskSize = 0

2024-04-25 17:48:07,696 INFO toClientNotifyTaskSize = 0

2024-04-25 17:48:07,726 INFO [long-pulling] client count 0

2024-04-25 17:48:17,697 INFO groupCount = 12, subscriberClientCount = 0, subscriberCount = 0

2024-04-25 17:48:17,697 INFO toNotifyTaskSize = 0

2024-04-25 17:48:17,697 INFO toClientNotifyTaskSize = 0

2024-04-25 17:48:17,726 INFO [long-pulling] client count 0

2024-04-25 17:48:27,699 INFO groupCount = 12, subscriberClientCount = 0, subscriberCount = 0

2024-04-25 17:48:27,699 INFO toNotifyTaskSize = 0

2024-04-25 17:48:27,699 INFO toClientNotifyTaskSize = 0

2024-04-25 17:48:27,727 INFO [long-pulling] client count 0

2024-04-25 17:48:37,702 INFO groupCount = 12, subscriberClientCount = 0, subscriberCount = 0

2024-04-25 17:48:37,702 INFO toNotifyTaskSize = 0

2024-04-25 17:48:37,702 INFO toClientNotifyTaskSize = 0

2024-04-25 17:48:37,730 INFO [long-pulling] client count 0

2024-04-25 17:48:47,703 INFO groupCount = 12, subscriberClientCount = 0, subscriberCount = 0

2024-04-25 17:48:47,703 INFO toNotifyTaskSize = 0

2024-04-25 17:48:47,703 INFO toClientNotifyTaskSize = 0

2024-04-25 17:48:47,734 INFO [long-pulling] client count 0

2024-04-25 17:48:57,704 INFO groupCount = 12, subscriberClientCount = 0, subscriberCount = 0

2024-04-25 17:48:57,704 INFO toNotifyTaskSize = 0

2024-04-25 17:48:57,704 INFO toClientNotifyTaskSize = 0

2024-04-25 17:48:57,736 INFO [long-pulling] client count 0

2024-04-25 17:49:07,709 INFO groupCount = 12, subscriberClientCount = 0, subscriberCount = 0

2024-04-25 17:49:07,709 INFO toNotifyTaskSize = 0

2024-04-25 17:49:07,709 INFO toClientNotifyTaskSize = 0

2024-04-25 17:49:07,740 INFO [long-pulling] client count 0

2024-04-25 17:49:17,711 INFO groupCount = 12, subscriberClientCount = 0, subscriberCount = 0

2024-04-25 17:49:17,711 INFO toNotifyTaskSize = 0

2024-04-25 17:49:17,711 INFO toClientNotifyTaskSize = 0

2024-04-25 17:49:17,740 INFO [long-pulling] client count 0

2024-04-25 17:49:27,715 INFO groupCount = 12, subscriberClientCount = 0, subscriberCount = 0

2024-04-25 17:49:27,715 INFO toNotifyTaskSize = 0

2024-04-25 17:49:27,715 INFO toClientNotifyTaskSize = 0

2024-04-25 17:49:27,742 INFO [long-pulling] client count 0

2024-04-25 17:49:37,716 INFO groupCount = 12, subscriberClientCount = 0, subscriberCount = 0

2024-04-25 17:49:37,717 INFO toNotifyTaskSize = 0

2024-04-25 17:49:37,717 INFO toClientNotifyTaskSize = 0

2024-04-25 17:49:37,745 INFO [long-pulling] client count 0

2024-04-25 17:49:47,717 INFO groupCount = 12, subscriberClientCount = 0, subscriberCount = 0

2024-04-25 17:49:47,717 INFO toNotifyTaskSize = 0

2024-04-25 17:49:47,718 INFO toClientNotifyTaskSize = 0

2024-04-25 17:49:47,745 INFO [long-pulling] client count 0

2024-04-25 17:49:57,720 INFO groupCount = 12, subscriberClientCount = 0, subscriberCount = 0

2024-04-25 17:49:57,720 INFO toNotifyTaskSize = 0

2024-04-25 17:49:57,720 INFO toClientNotifyTaskSize = 0

2024-04-25 17:49:57,747 INFO [long-pulling] client count 0

2024-04-25 17:50:07,721 INFO groupCount = 12, subscriberClientCount = 0, subscriberCount = 0

2024-04-25 17:50:07,722 INFO toNotifyTaskSize = 0

2024-04-25 17:50:07,722 INFO toClientNotifyTaskSize = 0

2024-04-25 17:50:07,749 INFO [long-pulling] client count 0

2024-04-25 17:50:17,724 INFO groupCount = 12, subscriberClientCount = 0, subscriberCount = 0

2024-04-25 17:50:17,724 INFO toNotifyTaskSize = 0

2024-04-25 17:50:17,724 INFO toClientNotifyTaskSize = 0

2024-04-25 17:50:17,752 INFO [long-pulling] client count 0

2024-04-25 17:50:27,726 INFO groupCount = 12, subscriberClientCount = 0, subscriberCount = 0

2024-04-25 17:50:27,726 INFO toNotifyTaskSize = 0

2024-04-25 17:50:27,726 INFO toClientNotifyTaskSize = 0

2024-04-25 17:50:27,754 INFO [long-pulling] client count 0

2024-04-25 17:50:37,727 INFO groupCount = 12, subscriberClientCount = 0, subscriberCount = 0

2024-04-25 17:50:37,727 INFO toNotifyTaskSize = 0

2024-04-25 17:50:37,727 INFO toClientNotifyTaskSize = 0

2024-04-25 17:50:37,755 INFO [long-pulling] client count 0

2024-04-25 17:50:47,727 INFO groupCount = 12, subscriberClientCount = 0, subscriberCount = 0

2024-04-25 17:50:47,728 INFO toNotifyTaskSize = 0

2024-04-25 17:50:47,728 INFO toClientNotifyTaskSize = 0

2024-04-25 17:50:47,756 INFO [long-pulling] client count 0

2024-04-25 17:51:38,202 INFO [long-pulling] client count 0

2024-04-25 17:51:48,109 INFO groupCount = 12, subscriberClientCount = 0, subscriberCount = 0

2024-04-25 17:51:48,132 INFO toNotifyTaskSize = 0

2024-04-25 17:51:48,132 INFO toClientNotifyTaskSize = 0

2024-04-25 17:51:48,203 INFO [long-pulling] client count 0

2024-04-25 17:51:58,110 INFO groupCount = 12, subscriberClientCount = 0, subscriberCount = 0

2024-04-25 17:51:58,133 INFO toNotifyTaskSize = 0

2024-04-25 17:51:58,133 INFO toClientNotifyTaskSize = 0

2024-04-25 17:51:58,204 INFO [long-pulling] client count 0

2024-04-25 17:52:08,111 INFO groupCount = 12, subscriberClientCount = 0, subscriberCount = 0

2024-04-25 17:52:08,134 INFO toNotifyTaskSize = 0

2024-04-25 17:52:08,134 INFO toClientNotifyTaskSize = 0

2024-04-25 17:52:08,207 INFO [long-pulling] client count 0

2024-04-25 17:52:18,124 INFO groupCount = 12, subscriberClientCount = 0, subscriberCount = 0

2024-04-25 17:52:18,140 INFO toNotifyTaskSize = 0

2024-04-25 17:52:18,140 INFO toClientNotifyTaskSize = 0

2024-04-25 17:52:18,217 INFO [long-pulling] client count 0

2024-04-25 17:52:28,126 INFO groupCount = 12, subscriberClientCount = 0, subscriberCount = 0

2024-04-25 17:52:28,141 INFO toNotifyTaskSize = 0

2024-04-25 17:52:28,141 INFO toClientNotifyTaskSize = 0

2024-04-25 17:52:28,219 INFO [long-pulling] client count 0

2024-04-25 17:52:38,126 INFO groupCount = 12, subscriberClientCount = 0, subscriberCount = 0

2024-04-25 17:52:38,156 INFO toNotifyTaskSize = 0

2024-04-25 17:52:38,156 INFO toClientNotifyTaskSize = 0

2024-04-25 17:52:38,234 INFO [long-pulling] client count 0

2024-04-25 17:52:48,128 INFO groupCount = 12, subscriberClientCount = 0, subscriberCount = 0

2024-04-25 17:52:48,158 INFO toNotifyTaskSize = 0

2024-04-25 17:52:48,158 INFO toClientNotifyTaskSize = 0

2024-04-25 17:52:48,235 INFO [long-pulling] client count 0

2024-04-25 17:54:37,192 INFO [long-pulling] client count 0

2024-04-25 17:54:47,071 INFO toNotifyTaskSize = 0

2024-04-25 17:54:47,095 INFO toClientNotifyTaskSize = 0

2024-04-25 17:54:47,072 INFO groupCount = 12, subscriberClientCount = 0, subscriberCount = 0

2024-04-25 17:54:47,196 INFO [long-pulling] client count 0

2024-04-25 17:54:57,096 INFO toNotifyTaskSize = 0

2024-04-25 17:54:57,096 INFO toClientNotifyTaskSize = 0

2024-04-25 17:54:57,100 INFO groupCount = 12, subscriberClientCount = 0, subscriberCount = 0

2024-04-25 17:54:57,197 INFO [long-pulling] client count 0

2024-04-25 17:55:07,097 INFO toNotifyTaskSize = 0

2024-04-25 17:55:07,097 INFO toClientNotifyTaskSize = 0

2024-04-25 17:55:07,102 INFO groupCount = 12, subscriberClientCount = 0, subscriberCount = 0

2024-04-25 17:55:07,197 INFO [long-pulling] client count 0

2024-04-25 17:55:17,097 INFO toNotifyTaskSize = 0

2024-04-25 17:55:17,097 INFO toClientNotifyTaskSize = 0

2024-04-25 17:55:17,103 INFO groupCount = 12, subscriberClientCount = 0, subscriberCount = 0

2024-04-25 17:55:17,199 INFO [long-pulling] client count 0

2024-04-25 17:55:27,099 INFO toNotifyTaskSize = 0

2024-04-25 17:55:27,099 INFO toClientNotifyTaskSize = 0

2024-04-25 17:55:27,107 INFO groupCount = 12, subscriberClientCount = 0, subscriberCount = 0

2024-04-25 17:55:27,200 INFO [long-pulling] client count 0

2024-04-25 17:55:37,100 INFO toNotifyTaskSize = 0

2024-04-25 17:55:37,101 INFO toClientNotifyTaskSize = 0

2024-04-25 17:55:37,110 INFO groupCount = 12, subscriberClientCount = 0, subscriberCount = 0

2024-04-25 17:55:37,203 INFO [long-pulling] client count 0

2024-04-25 17:55:47,103 INFO toNotifyTaskSize = 0

2024-04-25 17:55:47,104 INFO toClientNotifyTaskSize = 0

2024-04-25 17:55:47,113 INFO groupCount = 12, subscriberClientCount = 0, subscriberCount = 0

2024-04-25 17:55:47,205 INFO [long-pulling] client count 0

2024-04-25 17:55:57,106 INFO toNotifyTaskSize = 0

2024-04-25 17:55:57,106 INFO toClientNotifyTaskSize = 0

2024-04-25 17:55:57,114 INFO groupCount = 12, subscriberClientCount = 0, subscriberCount = 0

2024-04-25 17:55:57,206 INFO [long-pulling] client count 0

2024-04-25 17:56:07,106 INFO toNotifyTaskSize = 0

2024-04-25 17:56:07,107 INFO toClientNotifyTaskSize = 0

2024-04-25 17:56:07,116 INFO groupCount = 12, subscriberClientCount = 0, subscriberCount = 0

2024-04-25 17:56:07,207 INFO [long-pulling] client count 0

2024-04-25 17:56:17,111 INFO toNotifyTaskSize = 0

2024-04-25 17:56:17,112 INFO toClientNotifyTaskSize = 0

2024-04-25 17:56:17,127 INFO groupCount = 12, subscriberClientCount = 0, subscriberCount = 0

2024-04-25 17:56:17,219 INFO [long-pulling] client count 0

2024-04-25 17:56:27,114 INFO toNotifyTaskSize = 0

2024-04-25 17:56:27,115 INFO toClientNotifyTaskSize = 0

2024-04-25 17:56:27,129 INFO groupCount = 12, subscriberClientCount = 0, subscriberCount = 0

2024-04-25 17:56:27,221 INFO [long-pulling] client count 0

2024-04-25 17:56:37,127 INFO toNotifyTaskSize = 0

2024-04-25 17:56:37,127 INFO toClientNotifyTaskSize = 0

2024-04-25 17:56:37,143 INFO groupCount = 12, subscriberClientCount = 0, subscriberCount = 0

2024-04-25 17:56:37,236 INFO [long-pulling] client count 0

2024-04-25 17:56:47,135 INFO toNotifyTaskSize = 0

2024-04-25 17:56:47,135 INFO toClientNotifyTaskSize = 0

2024-04-25 17:56:47,150 INFO groupCount = 12, subscriberClientCount = 0, subscriberCount = 0

2024-04-25 17:56:47,243 INFO [long-pulling] client count 0

2024-04-25 17:56:57,136 INFO toNotifyTaskSize = 0

2024-04-25 17:56:57,136 INFO toClientNotifyTaskSize = 0

2024-04-25 17:56:57,153 INFO groupCount = 12, subscriberClientCount = 0, subscriberCount = 0

2024-04-25 17:56:57,244 INFO [long-pulling] client count 0

2024-04-25 17:57:07,137 INFO toNotifyTaskSize = 0

2024-04-25 17:57:07,138 INFO toClientNotifyTaskSize = 0

2024-04-25 17:57:07,169 INFO groupCount = 12, subscriberClientCount = 0, subscriberCount = 0

2024-04-25 17:57:07,246 INFO [long-pulling] client count 0

2024-04-25 17:57:17,138 INFO toNotifyTaskSize = 0

2024-04-25 17:57:17,138 INFO toClientNotifyTaskSize = 0

2024-04-25 17:57:17,171 INFO groupCount = 12, subscriberClientCount = 0, subscriberCount = 0

2024-04-25 17:57:17,247 INFO [long-pulling] client count 0

2024-04-25 17:57:27,140 INFO toNotifyTaskSize = 0

2024-04-25 17:57:27,140 INFO toClientNotifyTaskSize = 0

2024-04-25 17:57:27,173 INFO groupCount = 12, subscriberClientCount = 0, subscriberCount = 0

2024-04-25 17:57:27,248 INFO [long-pulling] client count 0

2024-04-25 17:57:37,148 INFO toNotifyTaskSize = 0

2024-04-25 17:57:37,148 INFO toClientNotifyTaskSize = 0

2024-04-25 17:57:37,179 INFO groupCount = 12, subscriberClientCount = 0, subscriberCount = 0

2024-04-25 17:57:37,256 INFO [long-pulling] client count 0

2024-04-25 17:57:47,149 INFO toNotifyTaskSize = 0

2024-04-25 17:57:47,149 INFO toClientNotifyTaskSize = 0

2024-04-25 17:57:47,181 INFO groupCount = 12, subscriberClientCount = 0, subscriberCount = 0

2024-04-25 17:57:47,257 INFO [long-pulling] client count 0

2024-04-25 17:57:57,151 INFO toNotifyTaskSize = 0

2024-04-25 17:57:57,152 INFO toClientNotifyTaskSize = 0

2024-04-25 17:57:57,182 INFO groupCount = 12, subscriberClientCount = 0, subscriberCount = 0

2024-04-25 17:57:57,259 INFO [long-pulling] client count 0

2024-04-25 17:58:07,154 INFO toNotifyTaskSize = 0

2024-04-25 17:58:07,154 INFO toClientNotifyTaskSize = 0

2024-04-25 17:58:07,185 INFO groupCount = 12, subscriberClientCount = 0, subscriberCount = 0

2024-04-25 17:58:07,260 INFO [long-pulling] client count 0

2024-04-25 17:58:17,155 INFO toNotifyTaskSize = 0

2024-04-25 17:58:17,155 INFO toClientNotifyTaskSize = 0

2024-04-25 17:58:17,186 INFO groupCount = 12, subscriberClientCount = 0, subscriberCount = 0

2024-04-25 17:58:17,260 INFO [long-pulling] client count 0

2024-04-25 17:58:27,157 INFO toNotifyTaskSize = 0

2024-04-25 17:58:27,157 INFO toClientNotifyTaskSize = 0

2024-04-25 17:58:27,187 INFO groupCount = 12, subscriberClientCount = 0, subscriberCount = 0

2024-04-25 17:58:27,262 INFO [long-pulling] client count 0

2024-04-25 17:58:37,159 INFO toNotifyTaskSize = 0

2024-04-25 17:58:37,159 INFO toClientNotifyTaskSize = 0

2024-04-25 17:58:37,189 INFO groupCount = 12, subscriberClientCount = 0, subscriberCount = 0

2024-04-25 17:58:37,263 INFO [long-pulling] client count 0

2024-04-25 17:58:47,159 INFO toNotifyTaskSize = 0

2024-04-25 17:58:47,160 INFO toClientNotifyTaskSize = 0

2024-04-25 17:58:47,191 INFO groupCount = 12, subscriberClientCount = 0, subscriberCount = 0

2024-04-25 17:58:47,266 INFO [long-pulling] client count 0

2024-04-25 17:58:57,161 INFO toNotifyTaskSize = 0

2024-04-25 17:58:57,161 INFO toClientNotifyTaskSize = 0

2024-04-25 17:58:57,192 INFO groupCount = 12, subscriberClientCount = 0, subscriberCount = 0

2024-04-25 17:58:57,267 INFO [long-pulling] client count 0

2024-04-25 17:59:07,162 INFO toNotifyTaskSize = 0

2024-04-25 17:59:07,162 INFO toClientNotifyTaskSize = 0

2024-04-25 17:59:07,194 INFO groupCount = 12, subscriberClientCount = 0, subscriberCount = 0

2024-04-25 17:59:07,269 INFO [long-pulling] client count 0

2024-04-25 17:59:17,164 INFO toNotifyTaskSize = 0

2024-04-25 17:59:17,164 INFO toClientNotifyTaskSize = 0

2024-04-25 17:59:17,197 INFO groupCount = 12, subscriberClientCount = 0, subscriberCount = 0

2024-04-25 17:59:17,269 INFO [long-pulling] client count 0

2024-04-25 17:59:27,165 INFO toNotifyTaskSize = 0

2024-04-25 17:59:27,166 INFO toClientNotifyTaskSize = 0

2024-04-25 17:59:27,198 INFO groupCount = 12, subscriberClientCount = 0, subscriberCount = 0

2024-04-25 17:59:27,270 INFO [long-pulling] client count 0

2024-04-25 17:59:37,178 INFO toNotifyTaskSize = 0

2024-04-25 17:59:37,178 INFO toClientNotifyTaskSize = 0

2024-04-25 17:59:37,208 INFO groupCount = 12, subscriberClientCount = 0, subscriberCount = 0

2024-04-25 17:59:37,270 INFO [long-pulling] client count 0

2024-04-25 17:59:47,180 INFO toNotifyTaskSize = 0

2024-04-25 17:59:47,180 INFO toClientNotifyTaskSize = 0

2024-04-25 17:59:47,210 INFO groupCount = 12, subscriberClientCount = 0, subscriberCount = 0

2024-04-25 17:59:47,271 INFO [long-pulling] client count 0

2024-04-25 17:59:57,182 INFO toNotifyTaskSize = 0

2024-04-25 17:59:57,182 INFO toClientNotifyTaskSize = 0

2024-04-25 17:59:57,211 INFO groupCount = 12, subscriberClientCount = 0, subscriberCount = 0

2024-04-25 17:59:57,273 INFO [long-pulling] client count 0

2024-04-25 18:00:07,184 INFO toNotifyTaskSize = 0

2024-04-25 18:00:07,185 INFO toClientNotifyTaskSize = 0

2024-04-25 18:00:07,212 INFO groupCount = 12, subscriberClientCount = 0, subscriberCount = 0

2024-04-25 18:00:07,275 INFO [long-pulling] client count 0

2024-04-25 18:00:17,185 INFO toNotifyTaskSize = 0

2024-04-25 18:00:17,185 INFO toClientNotifyTaskSize = 0

2024-04-25 18:00:17,214 INFO groupCount = 12, subscriberClientCount = 0, subscriberCount = 0

2024-04-25 18:00:17,276 INFO [long-pulling] client count 0

2024-04-25 18:00:27,187 INFO toNotifyTaskSize = 0

2024-04-25 18:00:27,187 INFO toClientNotifyTaskSize = 0

2024-04-25 18:00:27,215 INFO groupCount = 12, subscriberClientCount = 0, subscriberCount = 0

2024-04-25 18:00:27,276 INFO [long-pulling] client count 0

2024-04-25 18:00:37,196 INFO toNotifyTaskSize = 0

2024-04-25 18:00:37,196 INFO toClientNotifyTaskSize = 0

2024-04-25 18:00:37,225 INFO groupCount = 12, subscriberClientCount = 0, subscriberCount = 0

2024-04-25 18:00:37,287 INFO [long-pulling] client count 0

2024-04-25 18:00:47,198 INFO toNotifyTaskSize = 0

2024-04-25 18:00:47,198 INFO toClientNotifyTaskSize = 0

2024-04-25 18:00:47,227 INFO groupCount = 12, subscriberClientCount = 0, subscriberCount = 0

2024-04-25 18:00:47,288 INFO [long-pulling] client count 0

2024-04-25 18:00:57,203 INFO toNotifyTaskSize = 0

2024-04-25 18:00:57,203 INFO toClientNotifyTaskSize = 0

2024-04-25 18:00:57,234 INFO groupCount = 12, subscriberClientCount = 0, subscriberCount = 0

2024-04-25 18:00:57,296 INFO [long-pulling] client count 0

2024-04-25 18:01:07,203 INFO toNotifyTaskSize = 0

2024-04-25 18:01:07,203 INFO toClientNotifyTaskSize = 0

2024-04-25 18:01:07,236 INFO groupCount = 12, subscriberClientCount = 0, subscriberCount = 0

2024-04-25 18:01:07,298 INFO [long-pulling] client count 0

2024-04-25 18:01:17,204 INFO toNotifyTaskSize = 0

2024-04-25 18:01:17,204 INFO toClientNotifyTaskSize = 0

2024-04-25 18:01:17,237 INFO groupCount = 12, subscriberClientCount = 0, subscriberCount = 0

2024-04-25 18:01:17,299 INFO [long-pulling] client count 0

2024-04-25 18:01:27,205 INFO toNotifyTaskSize = 0

2024-04-25 18:01:27,205 INFO toClientNotifyTaskSize = 0

2024-04-25 18:01:27,237 INFO groupCount = 12, subscriberClientCount = 0, subscriberCount = 0

2024-04-25 18:01:27,299 INFO [long-pulling] client count 0

2024-04-25 18:01:37,206 INFO toNotifyTaskSize = 0

2024-04-25 18:01:37,207 INFO toClientNotifyTaskSize = 0

2024-04-25 18:01:37,240 INFO groupCount = 12, subscriberClientCount = 0, subscriberCount = 0

2024-04-25 18:01:37,302 INFO [long-pulling] client count 0

2024-04-25 18:01:47,207 INFO toNotifyTaskSize = 0

2024-04-25 18:01:47,208 INFO toClientNotifyTaskSize = 0

2024-04-25 18:01:47,240 INFO groupCount = 12, subscriberClientCount = 0, subscriberCount = 0

2024-04-25 18:01:47,302 INFO [long-pulling] client count 0

2024-04-25 18:01:57,208 INFO toNotifyTaskSize = 0

2024-04-25 18:01:57,208 INFO toClientNotifyTaskSize = 0

2024-04-25 18:01:57,241 INFO groupCount = 12, subscriberClientCount = 0, subscriberCount = 0

2024-04-25 18:01:57,303 INFO [long-pulling] client count 0

2024-04-25 18:02:07,208 INFO toNotifyTaskSize = 0

2024-04-25 18:02:07,209 INFO toClientNotifyTaskSize = 0

2024-04-25 18:02:07,242 INFO groupCount = 12, subscriberClientCount = 0, subscriberCount = 0

2024-04-25 18:02:07,304 INFO [long-pulling] client count 0

2024-04-25 18:02:17,211 INFO toNotifyTaskSize = 0

2024-04-25 18:02:17,211 INFO toClientNotifyTaskSize = 0

2024-04-25 18:02:17,242 INFO groupCount = 12, subscriberClientCount = 0, subscriberCount = 0

2024-04-25 18:02:17,304 INFO [long-pulling] client count 0

2024-04-25 18:02:27,211 INFO toNotifyTaskSize = 0

2024-04-25 18:02:27,211 INFO toClientNotifyTaskSize = 0

2024-04-25 18:02:27,243 INFO groupCount = 12, subscriberClientCount = 0, subscriberCount = 0

2024-04-25 18:02:27,305 INFO [long-pulling] client count 0

2024-04-25 18:02:37,213 INFO toNotifyTaskSize = 0

2024-04-25 18:02:37,213 INFO toClientNotifyTaskSize = 0

2024-04-25 18:02:37,244 INFO groupCount = 12, subscriberClientCount = 0, subscriberCount = 0

2024-04-25 18:02:37,306 INFO [long-pulling] client count 0

2024-04-25 18:02:47,215 INFO toNotifyTaskSize = 0

2024-04-25 18:02:47,215 INFO toClientNotifyTaskSize = 0

2024-04-25 18:02:47,245 INFO groupCount = 12, subscriberClientCount = 0, subscriberCount = 0

2024-04-25 18:02:47,306 INFO [long-pulling] client count 0

2024-04-25 18:02:57,225 INFO toNotifyTaskSize = 0

2024-04-25 18:02:57,225 INFO toClientNotifyTaskSize = 0

2024-04-25 18:02:57,257 INFO groupCount = 12, subscriberClientCount = 0, subscriberCount = 0

2024-04-25 18:02:57,320 INFO [long-pulling] client count 0

2024-04-25 18:03:07,228 INFO toNotifyTaskSize = 0

2024-04-25 18:03:07,228 INFO toClientNotifyTaskSize = 0

2024-04-25 18:03:07,259 INFO groupCount = 12, subscriberClientCount = 0, subscriberCount = 0

2024-04-25 18:03:07,322 INFO [long-pulling] client count 0

2024-04-25 18:03:17,230 INFO toNotifyTaskSize = 0

2024-04-25 18:03:17,230 INFO toClientNotifyTaskSize = 0

2024-04-25 18:03:17,259 INFO groupCount = 12, subscriberClientCount = 0, subscriberCount = 0

2024-04-25 18:03:17,323 INFO [long-pulling] client count 0

2024-04-25 18:03:27,231 INFO toNotifyTaskSize = 0

2024-04-25 18:03:27,232 INFO toClientNotifyTaskSize = 0

2024-04-25 18:03:27,260 INFO groupCount = 12, subscriberClientCount = 0, subscriberCount = 0

2024-04-25 18:03:27,323 INFO [long-pulling] client count 0

2024-04-25 18:03:37,234 INFO toNotifyTaskSize = 0

2024-04-25 18:03:37,235 INFO toClientNotifyTaskSize = 0

2024-04-25 18:03:37,261 INFO groupCount = 12, subscriberClientCount = 0, subscriberCount = 0

2024-04-25 18:03:37,326 INFO [long-pulling] client count 0

2024-04-25 18:03:47,237 INFO toNotifyTaskSize = 0

2024-04-25 18:03:47,237 INFO toClientNotifyTaskSize = 0

2024-04-25 18:03:47,263 INFO groupCount = 12, subscriberClientCount = 0, subscriberCount = 0

2024-04-25 18:03:47,328 INFO [long-pulling] client count 0

2024-04-25 18:03:57,239 INFO toNotifyTaskSize = 0

2024-04-25 18:03:57,239 INFO toClientNotifyTaskSize = 0

2024-04-25 18:03:57,263 INFO groupCount = 12, subscriberClientCount = 0, subscriberCount = 0

2024-04-25 18:03:57,331 INFO [long-pulling] client count 0

2024-04-25 18:04:07,240 INFO toNotifyTaskSize = 0

2024-04-25 18:04:07,240 INFO toClientNotifyTaskSize = 0

2024-04-25 18:04:07,266 INFO groupCount = 12, subscriberClientCount = 0, subscriberCount = 0

2024-04-25 18:04:07,331 INFO [long-pulling] client count 0

2024-04-25 18:04:17,241 INFO toNotifyTaskSize = 0

2024-04-25 18:04:17,241 INFO toClientNotifyTaskSize = 0

2024-04-25 18:04:17,266 INFO groupCount = 12, subscriberClientCount = 0, subscriberCount = 0

2024-04-25 18:04:17,333 INFO [long-pulling] client count 0

2024-04-25 18:04:27,243 INFO toNotifyTaskSize = 0

2024-04-25 18:04:27,243 INFO toClientNotifyTaskSize = 0

2024-04-25 18:04:27,274 INFO groupCount = 12, subscriberClientCount = 0, subscriberCount = 0

2024-04-25 18:04:27,336 INFO [long-pulling] client count 0

2024-04-25 18:04:37,245 INFO toNotifyTaskSize = 0

2024-04-25 18:04:37,246 INFO toClientNotifyTaskSize = 0

2024-04-25 18:04:37,274 INFO groupCount = 12, subscriberClientCount = 0, subscriberCount = 0

2024-04-25 18:04:37,336 INFO [long-pulling] client count 0

2024-04-25 18:04:47,248 INFO toNotifyTaskSize = 0

2024-04-25 18:04:47,248 INFO toClientNotifyTaskSize = 0

2024-04-25 18:04:47,275 INFO groupCount = 12, subscriberClientCount = 0, subscriberCount = 0

2024-04-25 18:04:47,338 INFO [long-pulling] client count 0

2024-04-25 18:04:57,250 INFO toNotifyTaskSize = 0

2024-04-25 18:04:57,250 INFO toClientNotifyTaskSize = 0

2024-04-25 18:04:57,275 INFO groupCount = 12, subscriberClientCount = 0, subscriberCount = 0

2024-04-25 18:04:57,339 INFO [long-pulling] client count 0

2024-04-25 18:05:07,251 INFO toNotifyTaskSize = 0

2024-04-25 18:05:07,251 INFO toClientNotifyTaskSize = 0

2024-04-25 18:05:07,276 INFO groupCount = 12, subscriberClientCount = 0, subscriberCount = 0

2024-04-25 18:05:07,339 INFO [long-pulling] client count 0

2024-04-25 18:05:17,251 INFO toNotifyTaskSize = 0

2024-04-25 18:05:17,251 INFO toClientNotifyTaskSize = 0

2024-04-25 18:05:17,277 INFO groupCount = 12, subscriberClientCount = 0, subscriberCount = 0

2024-04-25 18:05:17,340 INFO [long-pulling] client count 0

2024-04-25 18:05:27,261 INFO toNotifyTaskSize = 0

2024-04-25 18:05:27,262 INFO toClientNotifyTaskSize = 0

2024-04-25 18:05:27,277 INFO groupCount = 12, subscriberClientCount = 0, subscriberCount = 0

2024-04-25 18:05:27,355 INFO [long-pulling] client count 0

2024-04-25 18:05:37,262 INFO toNotifyTaskSize = 0

2024-04-25 18:05:37,262 INFO toClientNotifyTaskSize = 0

2024-04-25 18:05:37,278 INFO groupCount = 12, subscriberClientCount = 0, subscriberCount = 0

2024-04-25 18:05:37,358 INFO [long-pulling] client count 0

2024-04-25 18:05:47,262 INFO toNotifyTaskSize = 0

2024-04-25 18:05:47,262 INFO toClientNotifyTaskSize = 0

2024-04-25 18:05:47,279 INFO groupCount = 12, subscriberClientCount = 0, subscriberCount = 0

2024-04-25 18:05:47,360 INFO [long-pulling] client count 0

2024-04-25 18:05:57,267 INFO toNotifyTaskSize = 0

2024-04-25 18:05:57,267 INFO toClientNotifyTaskSize = 0

2024-04-25 18:05:57,282 INFO groupCount = 12, subscriberClientCount = 0, subscriberCount = 0

2024-04-25 18:05:57,374 INFO [long-pulling] client count 0

2024-04-25 18:06:07,267 INFO toNotifyTaskSize = 0

2024-04-25 18:06:07,268 INFO toClientNotifyTaskSize = 0

2024-04-25 18:06:07,285 INFO groupCount = 12, subscriberClientCount = 0, subscriberCount = 0

2024-04-25 18:06:07,376 INFO [long-pulling] client count 0

2024-04-25 18:06:17,271 INFO toNotifyTaskSize = 0

2024-04-25 18:06:17,271 INFO toClientNotifyTaskSize = 0

2024-04-25 18:06:17,286 INFO groupCount = 12, subscriberClientCount = 0, subscriberCount = 0

2024-04-25 18:06:17,378 INFO [long-pulling] client count 0

2024-04-25 18:06:27,275 INFO toNotifyTaskSize = 0

2024-04-25 18:06:27,276 INFO toClientNotifyTaskSize = 0

2024-04-25 18:06:27,291 INFO groupCount = 12, subscriberClientCount = 0, subscriberCount = 0

2024-04-25 18:06:27,384 INFO [long-pulling] client count 0

2024-04-25 18:06:37,277 INFO toNotifyTaskSize = 0

2024-04-25 18:06:37,277 INFO toClientNotifyTaskSize = 0

2024-04-25 18:06:37,293 INFO groupCount = 12, subscriberClientCount = 0, subscriberCount = 0

2024-04-25 18:06:37,386 INFO [long-pulling] client count 0

2024-04-25 18:06:47,281 INFO toNotifyTaskSize = 0

2024-04-25 18:06:47,281 INFO toClientNotifyTaskSize = 0

2024-04-25 18:06:47,296 INFO groupCount = 12, subscriberClientCount = 0, subscriberCount = 0

2024-04-25 18:06:47,388 INFO [long-pulling] client count 0

2024-04-25 18:06:57,282 INFO toNotifyTaskSize = 0

2024-04-25 18:06:57,282 INFO toClientNotifyTaskSize = 0

2024-04-25 18:06:57,297 INFO groupCount = 12, subscriberClientCount = 0, subscriberCount = 0

2024-04-25 18:06:57,391 INFO [long-pulling] client count 0

2024-04-25 18:07:07,283 INFO toNotifyTaskSize = 0

2024-04-25 18:07:07,283 INFO toClientNotifyTaskSize = 0

2024-04-25 18:07:07,299 INFO groupCount = 12, subscriberClientCount = 0, subscriberCount = 0

2024-04-25 18:07:07,393 INFO [long-pulling] client count 0

2024-04-25 18:07:17,285 INFO toNotifyTaskSize = 0

2024-04-25 18:07:17,285 INFO toClientNotifyTaskSize = 0

2024-04-25 18:07:17,300 INFO groupCount = 12, subscriberClientCount = 0, subscriberCount = 0

2024-04-25 18:07:17,394 INFO [long-pulling] client count 0

2024-04-25 18:07:27,288 INFO toNotifyTaskSize = 0

2024-04-25 18:07:27,288 INFO toClientNotifyTaskSize = 0

2024-04-25 18:07:27,302 INFO groupCount = 12, subscriberClientCount = 0, subscriberCount = 0

2024-04-25 18:07:27,396 INFO [long-pulling] client count 0

2024-04-25 18:07:37,290 INFO toNotifyTaskSize = 0

2024-04-25 18:07:37,290 INFO toClientNotifyTaskSize = 0

2024-04-25 18:07:37,302 INFO groupCount = 12, subscriberClientCount = 0, subscriberCount = 0

2024-04-25 18:07:37,397 INFO [long-pulling] client count 0

2024-04-25 18:07:47,293 INFO toNotifyTaskSize = 0

2024-04-25 18:07:47,293 INFO toClientNotifyTaskSize = 0

2024-04-25 18:07:47,308 INFO groupCount = 12, subscriberClientCount = 0, subscriberCount = 0

2024-04-25 18:07:47,402 INFO [long-pulling] client count 0

2024-04-25 18:07:57,295 INFO toNotifyTaskSize = 0

2024-04-25 18:07:57,295 INFO toClientNotifyTaskSize = 0

2024-04-25 18:07:57,310 INFO groupCount = 12, subscriberClientCount = 0, subscriberCount = 0

2024-04-25 18:07:57,404 INFO [long-pulling] client count 0

2024-04-25 18:08:07,295 INFO toNotifyTaskSize = 0

2024-04-25 18:08:07,295 INFO toClientNotifyTaskSize = 0

2024-04-25 18:08:07,311 INFO groupCount = 12, subscriberClientCount = 0, subscriberCount = 0

2024-04-25 18:08:07,404 INFO [long-pulling] client count 0

2024-04-25 18:08:17,297 INFO toNotifyTaskSize = 0

2024-04-25 18:08:17,298 INFO toClientNotifyTaskSize = 0

2024-04-25 18:08:17,311 INFO groupCount = 12, subscriberClientCount = 0, subscriberCount = 0

2024-04-25 18:08:17,405 INFO [long-pulling] client count 0

2024-04-25 18:08:27,299 INFO toNotifyTaskSize = 0

2024-04-25 18:08:27,299 INFO toClientNotifyTaskSize = 0

2024-04-25 18:08:27,312 INFO groupCount = 12, subscriberClientCount = 0, subscriberCount = 0

2024-04-25 18:08:27,406 INFO [long-pulling] client count 0

