2024-04-25 17:04:35,628 INFO GlobalConfig{taskDispatchPeriod=200, batchSyncKeyCount=1000, syncRetryDelay=5000, dataWarmup=true, expireInstance=true, loadDataRetryDelayMillis=30000}

2024-04-25 17:04:39,271 INFO open empty service auto clean job, initialDelay : 50000 ms, period : 30000 ms

2024-04-25 17:04:39,272 INFO listen for service meta change

2024-04-25 17:25:05,201 WARN naming.distro config will be removed, please use core.protocol.distro replace.

2024-04-25 17:25:05,201 WARN Using naming.distro config to replace core.distro config

2024-04-25 17:25:05,679 INFO open empty service auto clean job, initialDelay : 50000 ms, period : 30000 ms

2024-04-25 17:25:05,690 INFO listen for service meta change

2024-04-25 17:25:05,694 INFO upgrade.state file is not exist

2024-04-25 17:25:08,449 INFO [SelectorManager] Load SelectorContextBuilder(class com.alibaba.nacos.naming.selector.context.CmdbSelectorContextBuilder) contextType(CMDB) successfully.

2024-04-25 17:25:08,449 INFO [SelectorManager] Load SelectorContextBuilder(class com.alibaba.nacos.naming.selector.context.NoneSelectorContextBuilder) contextType(NONE) successfully.

2024-04-25 17:25:08,449 INFO [SelectorManager] Load Selector(class com.alibaba.nacos.naming.selector.LabelSelector) type(label) contextType(CMDB) successfully.

2024-04-25 17:25:08,449 INFO [SelectorManager] Load Selector(class com.alibaba.nacos.naming.selector.NoneSelector) type(none) contextType(NONE) successfully.

2024-04-25 17:25:10,351 INFO Load instance extension handler []

2024-04-25 17:50:57,363 WARN [NamingServerHttpClientManager] Start destroying HTTP-Client

2024-04-25 17:50:57,376 WARN [NamingServerHttpClientManager] Destruction of the end

2024-04-25 17:51:35,788 WARN naming.distro config will be removed, please use core.protocol.distro replace.

2024-04-25 17:51:35,788 WARN Using naming.distro config to replace core.distro config

2024-04-25 17:51:36,341 INFO open empty service auto clean job, initialDelay : 50000 ms, period : 30000 ms

2024-04-25 17:51:36,357 INFO listen for service meta change

2024-04-25 17:51:39,522 INFO [SelectorManager] Load SelectorContextBuilder(class com.alibaba.nacos.naming.selector.context.CmdbSelectorContextBuilder) contextType(CMDB) successfully.

2024-04-25 17:51:39,522 INFO [SelectorManager] Load SelectorContextBuilder(class com.alibaba.nacos.naming.selector.context.NoneSelectorContextBuilder) contextType(NONE) successfully.

2024-04-25 17:51:39,522 INFO [SelectorManager] Load Selector(class com.alibaba.nacos.naming.selector.LabelSelector) type(label) contextType(CMDB) successfully.

2024-04-25 17:51:39,522 INFO [SelectorManager] Load Selector(class com.alibaba.nacos.naming.selector.NoneSelector) type(none) contextType(NONE) successfully.

2024-04-25 17:51:41,963 INFO Load instance extension handler []

2024-04-25 17:52:52,709 WARN [NamingServerHttpClientManager] Start destroying HTTP-Client

2024-04-25 17:52:52,778 WARN [NamingServerHttpClientManager] Destruction of the end

2024-04-25 17:54:33,858 WARN naming.distro config will be removed, please use core.protocol.distro replace.

2024-04-25 17:54:33,859 WARN Using naming.distro config to replace core.distro config

2024-04-25 17:54:34,629 INFO open empty service auto clean job, initialDelay : 50000 ms, period : 30000 ms

2024-04-25 17:54:34,646 INFO listen for service meta change

2024-04-25 17:54:38,325 INFO [SelectorManager] Load SelectorContextBuilder(class com.alibaba.nacos.naming.selector.context.CmdbSelectorContextBuilder) contextType(CMDB) successfully.

2024-04-25 17:54:38,325 INFO [SelectorManager] Load SelectorContextBuilder(class com.alibaba.nacos.naming.selector.context.NoneSelectorContextBuilder) contextType(NONE) successfully.

2024-04-25 17:54:38,325 INFO [SelectorManager] Load Selector(class com.alibaba.nacos.naming.selector.LabelSelector) type(label) contextType(CMDB) successfully.

2024-04-25 17:54:38,325 INFO [SelectorManager] Load Selector(class com.alibaba.nacos.naming.selector.NoneSelector) type(none) contextType(NONE) successfully.

2024-04-25 17:54:42,212 INFO Load instance extension handler []

