2024-04-25 17:04:35,803 INFO Initializes the Raft protocol, raft-config info : {}

2024-04-25 17:04:36,216 INFO ========= The raft protocol is starting... =========

2024-04-25 17:04:36,889 INFO ========= The raft protocol start finished... =========

2024-04-25 17:04:36,906 INFO create raft group : naming_persistent_service

2024-04-25 17:25:08,573 INFO Initializes the Raft protocol, raft-config info : {}

2024-04-25 17:25:08,846 INFO ========= The raft protocol is starting... =========

2024-04-25 17:25:08,885 INFO ========= The raft protocol start finished... =========

2024-04-25 17:25:08,939 INFO create raft group : naming_persistent_service_v2

2024-04-25 17:25:09,558 INFO This Raft event changes : RaftEvent{groupId='naming_persistent_service_v2', leader='527c83433216:7848', term=1, raftClusterInfo=[527c83433216:7848]}

2024-04-25 17:25:09,568 INFO create raft group : naming_instance_metadata

2024-04-25 17:25:09,772 INFO This Raft event changes : RaftEvent{groupId='naming_instance_metadata', leader='527c83433216:7848', term=1, raftClusterInfo=[527c83433216:7848]}

2024-04-25 17:25:09,873 INFO create raft group : naming_service_metadata

2024-04-25 17:25:10,147 INFO This Raft event changes : RaftEvent{groupId='naming_service_metadata', leader='527c83433216:7848', term=1, raftClusterInfo=[527c83433216:7848]}

2024-04-25 17:50:57,411 INFO shutdown jraft server

2024-04-25 17:50:57,416 INFO ========= The raft protocol is starting to close =========

2024-04-25 17:50:57,457 INFO ========= The raft protocol has been closed =========

2024-04-25 17:51:39,647 INFO Initializes the Raft protocol, raft-config info : {}

2024-04-25 17:51:39,928 INFO ========= The raft protocol is starting... =========

2024-04-25 17:51:39,974 INFO ========= The raft protocol start finished... =========

2024-04-25 17:51:40,043 INFO create raft group : naming_persistent_service_v2

2024-04-25 17:51:40,864 INFO This Raft event changes : RaftEvent{groupId='naming_persistent_service_v2', leader='null', term=null, raftClusterInfo=[527c83433216:7848]}

2024-04-25 17:51:41,024 INFO This Raft event changes : RaftEvent{groupId='naming_persistent_service_v2', leader='527c83433216:7848', term=2, raftClusterInfo=[527c83433216:7848]}

2024-04-25 17:51:41,074 INFO create raft group : naming_instance_metadata

2024-04-25 17:51:41,394 INFO create raft group : naming_service_metadata

2024-04-25 17:51:41,457 INFO This Raft event changes : RaftEvent{groupId='naming_instance_metadata', leader='527c83433216:7848', term=2, raftClusterInfo=[527c83433216:7848]}

2024-04-25 17:51:41,564 INFO This Raft event changes : RaftEvent{groupId='naming_service_metadata', leader='null', term=null, raftClusterInfo=[527c83433216:7848]}

2024-04-25 17:51:41,604 INFO This Raft event changes : RaftEvent{groupId='naming_service_metadata', leader='527c83433216:7848', term=2, raftClusterInfo=[527c83433216:7848]}

2024-04-25 17:52:52,906 INFO shutdown jraft server

2024-04-25 17:52:52,907 INFO ========= The raft protocol is starting to close =========

2024-04-25 17:52:53,086 INFO ========= The raft protocol has been closed =========

2024-04-25 17:54:38,594 INFO Initializes the Raft protocol, raft-config info : {}

2024-04-25 17:54:39,101 INFO ========= The raft protocol is starting... =========

2024-04-25 17:54:39,171 INFO ========= The raft protocol start finished... =========

2024-04-25 17:54:39,223 INFO create raft group : naming_persistent_service_v2

2024-04-25 17:54:39,875 INFO This Raft event changes : RaftEvent{groupId='naming_persistent_service_v2', leader='null', term=null, raftClusterInfo=[527c83433216:7848]}

2024-04-25 17:54:40,173 INFO This Raft event changes : RaftEvent{groupId='naming_persistent_service_v2', leader='527c83433216:7848', term=3, raftClusterInfo=[527c83433216:7848]}

2024-04-25 17:54:40,234 INFO create raft group : naming_instance_metadata

2024-04-25 17:54:40,927 INFO This Raft event changes : RaftEvent{groupId='naming_instance_metadata', leader='527c83433216:7848', term=3, raftClusterInfo=[527c83433216:7848]}

2024-04-25 17:54:40,928 INFO create raft group : naming_service_metadata

2024-04-25 17:54:41,524 INFO This Raft event changes : RaftEvent{groupId='naming_service_metadata', leader='null', term=null, raftClusterInfo=[527c83433216:7848]}

2024-04-25 17:54:41,601 INFO This Raft event changes : RaftEvent{groupId='naming_service_metadata', leader='527c83433216:7848', term=3, raftClusterInfo=[527c83433216:7848]}

2024-04-25 17:54:41,989 ERROR Failed to join the cluster, retry...

java.lang.IllegalStateException: Fail to get leader of group naming_persistent_service_v2
	at com.alipay.sofa.jraft.core.CliServiceImpl.getPeers(CliServiceImpl.java:631)
	at com.alipay.sofa.jraft.core.CliServiceImpl.getPeers(CliServiceImpl.java:524)
	at com.alibaba.nacos.core.distributed.raft.JRaftServer.registerSelfToCluster(JRaftServer.java:353)
	at com.alibaba.nacos.core.distributed.raft.JRaftServer.lambda$createMultiRaftGroup$0(JRaftServer.java:264)
	at java.util.concurrent.Executors$RunnableAdapter.call(Executors.java:511)
	at java.util.concurrent.FutureTask.run(FutureTask.java:266)
	at java.util.concurrent.ScheduledThreadPoolExecutor$ScheduledFutureTask.access$201(ScheduledThreadPoolExecutor.java:180)
	at java.util.concurrent.ScheduledThreadPoolExecutor$ScheduledFutureTask.run(ScheduledThreadPoolExecutor.java:293)
	at java.util.concurrent.ThreadPoolExecutor.runWorker(ThreadPoolExecutor.java:1149)
	at java.util.concurrent.ThreadPoolExecutor$Worker.run(ThreadPoolExecutor.java:624)
	at java.lang.Thread.run(Thread.java:750)
2024-04-25 17:54:42,019 ERROR Failed to join the cluster, retry...

java.lang.IllegalStateException: Fail to get leader of group naming_instance_metadata
	at com.alipay.sofa.jraft.core.CliServiceImpl.getPeers(CliServiceImpl.java:631)
	at com.alipay.sofa.jraft.core.CliServiceImpl.getPeers(CliServiceImpl.java:524)
	at com.alibaba.nacos.core.distributed.raft.JRaftServer.registerSelfToCluster(JRaftServer.java:353)
	at com.alibaba.nacos.core.distributed.raft.JRaftServer.lambda$createMultiRaftGroup$0(JRaftServer.java:264)
	at java.util.concurrent.Executors$RunnableAdapter.call(Executors.java:511)
	at java.util.concurrent.FutureTask.run(FutureTask.java:266)
	at java.util.concurrent.ScheduledThreadPoolExecutor$ScheduledFutureTask.access$201(ScheduledThreadPoolExecutor.java:180)
	at java.util.concurrent.ScheduledThreadPoolExecutor$ScheduledFutureTask.run(ScheduledThreadPoolExecutor.java:293)
	at java.util.concurrent.ThreadPoolExecutor.runWorker(ThreadPoolExecutor.java:1149)
	at java.util.concurrent.ThreadPoolExecutor$Worker.run(ThreadPoolExecutor.java:624)
	at java.lang.Thread.run(Thread.java:750)
