2024-04-25 17:25:07,032 INFO [ClientConnectionEventListenerRegistry] registry listener - ConnectionBasedClientManager

2024-04-25 17:25:07,152 INFO Init loader limit rule from local,rule=

2024-04-25 17:25:07,589 INFO [ClientConnectionEventListenerRegistry] registry listener - ConfigConnectionEventListener

2024-04-25 17:25:07,637 INFO [ClientConnectionEventListenerRegistry] registry listener - RpcAckCallbackInitorOrCleaner

2024-04-25 17:25:08,101 INFO Nacos GrpcSdkServer Rpc server starting at port 9848

2024-04-25 17:25:08,430 INFO Nacos GrpcSdkServer Rpc server started at port 9848

2024-04-25 17:25:08,432 INFO Nacos GrpcClusterServer Rpc server starting at port 9849

2024-04-25 17:25:08,444 INFO Nacos GrpcClusterServer Rpc server started at port 9849

2024-04-25 17:50:57,366 INFO Nacos GrpcClusterServer Rpc server stopping

2024-04-25 17:50:57,368 INFO Nacos GrpcClusterServer Rpc server stopped successfully...

2024-04-25 17:50:57,368 INFO Nacos GrpcSdkServer Rpc server stopping

2024-04-25 17:50:57,375 INFO Nacos GrpcSdkServer Rpc server stopped successfully...

2024-04-25 17:51:37,693 INFO [ClientConnectionEventListenerRegistry] registry listener - ConnectionBasedClientManager

2024-04-25 17:51:37,820 INFO Init loader limit rule from local,rule=

2024-04-25 17:51:38,528 INFO [ClientConnectionEventListenerRegistry] registry listener - ConfigConnectionEventListener

2024-04-25 17:51:38,584 INFO [ClientConnectionEventListenerRegistry] registry listener - RpcAckCallbackInitorOrCleaner

2024-04-25 17:51:39,000 INFO Nacos GrpcSdkServer Rpc server starting at port 9848

2024-04-25 17:51:39,513 INFO Nacos GrpcSdkServer Rpc server started at port 9848

2024-04-25 17:51:39,514 INFO Nacos GrpcClusterServer Rpc server starting at port 9849

2024-04-25 17:51:39,518 INFO Nacos GrpcClusterServer Rpc server started at port 9849

2024-04-25 17:52:52,715 INFO Nacos GrpcClusterServer Rpc server stopping

2024-04-25 17:52:52,717 INFO Nacos GrpcClusterServer Rpc server stopped successfully...

2024-04-25 17:52:52,717 INFO Nacos GrpcSdkServer Rpc server stopping

2024-04-25 17:52:52,767 INFO Nacos GrpcSdkServer Rpc server stopped successfully...

2024-04-25 17:54:36,375 INFO [ClientConnectionEventListenerRegistry] registry listener - ConnectionBasedClientManager

2024-04-25 17:54:36,518 INFO Init loader limit rule from local,rule=

2024-04-25 17:54:37,495 INFO [ClientConnectionEventListenerRegistry] registry listener - ConfigConnectionEventListener

2024-04-25 17:54:37,577 INFO [ClientConnectionEventListenerRegistry] registry listener - RpcAckCallbackInitorOrCleaner

2024-04-25 17:54:37,883 INFO Nacos GrpcSdkServer Rpc server starting at port 9848

2024-04-25 17:54:38,308 INFO Nacos GrpcSdkServer Rpc server started at port 9848

2024-04-25 17:54:38,310 INFO Nacos GrpcClusterServer Rpc server starting at port 9849

2024-04-25 17:54:38,317 INFO Nacos GrpcClusterServer Rpc server started at port 9849

