2024-04-25 17:25:07,187 INFO Register tps control,pointName=CONFIG_PUSH_COUNT, point=com.alibaba.nacos.core.remote.control.TpsMonitorPoint@12d2ce03 

2024-04-25 17:25:07,187 INFO Load rule from local,pointName=CONFIG_PUSH_COUNT, ruleContent= 

2024-04-25 17:25:07,187 INFO Apply tps control rule parse start,pointName=[CONFIG_PUSH_COUNT]  

2024-04-25 17:25:07,187 INFO Clear point  control rule ,pointName=[CONFIG_PUSH_COUNT]  

2024-04-25 17:25:07,187 INFO Clear point  control rule for monitorKeys, pointName=[CONFIG_PUSH_COUNT]  

2024-04-25 17:25:07,204 INFO Register tps control,pointName=CONFIG_PUSH_SUCCESS, point=com.alibaba.nacos.core.remote.control.TpsMonitorPoint@7e5c856f 

2024-04-25 17:25:07,204 INFO Load rule from local,pointName=CONFIG_PUSH_SUCCESS, ruleContent= 

2024-04-25 17:25:07,204 INFO Apply tps control rule parse start,pointName=[CONFIG_PUSH_SUCCESS]  

2024-04-25 17:25:07,204 INFO Clear point  control rule ,pointName=[CONFIG_PUSH_SUCCESS]  

2024-04-25 17:25:07,204 INFO Clear point  control rule for monitorKeys, pointName=[CONFIG_PUSH_SUCCESS]  

2024-04-25 17:25:07,205 INFO Register tps control,pointName=CONFIG_PUSH_FAIL, point=com.alibaba.nacos.core.remote.control.TpsMonitorPoint@413f69cc 

2024-04-25 17:25:07,205 INFO Load rule from local,pointName=CONFIG_PUSH_FAIL, ruleContent= 

2024-04-25 17:25:07,205 INFO Apply tps control rule parse start,pointName=[CONFIG_PUSH_FAIL]  

2024-04-25 17:25:07,205 INFO Clear point  control rule ,pointName=[CONFIG_PUSH_FAIL]  

2024-04-25 17:25:07,205 INFO Clear point  control rule for monitorKeys, pointName=[CONFIG_PUSH_FAIL]  

2024-04-25 17:25:07,230 INFO Load rule from local,pointName=CONFIG_PUSH_COUNT, ruleContent= 

2024-04-25 17:25:07,230 INFO Apply tps control rule parse start,pointName=[CONFIG_PUSH_COUNT]  

2024-04-25 17:25:07,230 INFO Clear point  control rule ,pointName=[CONFIG_PUSH_COUNT]  

2024-04-25 17:25:07,230 INFO Clear point  control rule for monitorKeys, pointName=[CONFIG_PUSH_COUNT]  

2024-04-25 17:25:07,230 INFO Load rule from local,pointName=CONFIG_PUSH_SUCCESS, ruleContent= 

2024-04-25 17:25:07,230 INFO Apply tps control rule parse start,pointName=[CONFIG_PUSH_SUCCESS]  

2024-04-25 17:25:07,230 INFO Clear point  control rule ,pointName=[CONFIG_PUSH_SUCCESS]  

2024-04-25 17:25:07,230 INFO Clear point  control rule for monitorKeys, pointName=[CONFIG_PUSH_SUCCESS]  

2024-04-25 17:25:07,230 INFO Load rule from local,pointName=CONFIG_PUSH_FAIL, ruleContent= 

2024-04-25 17:25:07,230 INFO Apply tps control rule parse start,pointName=[CONFIG_PUSH_FAIL]  

2024-04-25 17:25:07,230 INFO Clear point  control rule ,pointName=[CONFIG_PUSH_FAIL]  

2024-04-25 17:25:07,230 INFO Clear point  control rule for monitorKeys, pointName=[CONFIG_PUSH_FAIL]  

2024-04-25 17:25:12,494 INFO Register tps control,pointName=ConfigQuery, point=com.alibaba.nacos.core.remote.control.TpsMonitorPoint@60b71e8f 

2024-04-25 17:25:12,494 INFO Load rule from local,pointName=ConfigQuery, ruleContent= 

2024-04-25 17:25:12,495 INFO Apply tps control rule parse start,pointName=[ConfigQuery]  

2024-04-25 17:25:12,495 INFO Clear point  control rule ,pointName=[ConfigQuery]  

2024-04-25 17:25:12,495 INFO Clear point  control rule for monitorKeys, pointName=[ConfigQuery]  

2024-04-25 17:25:12,495 INFO Register tps control,pointName=ClusterConfigChangeNotify, point=com.alibaba.nacos.core.remote.control.TpsMonitorPoint@1255b1d1 

2024-04-25 17:25:12,495 INFO Load rule from local,pointName=ClusterConfigChangeNotify, ruleContent= 

2024-04-25 17:25:12,495 INFO Apply tps control rule parse start,pointName=[ClusterConfigChangeNotify]  

2024-04-25 17:25:12,495 INFO Clear point  control rule ,pointName=[ClusterConfigChangeNotify]  

2024-04-25 17:25:12,495 INFO Clear point  control rule for monitorKeys, pointName=[ClusterConfigChangeNotify]  

2024-04-25 17:25:12,495 INFO Register tps control,pointName=ConfigListen, point=com.alibaba.nacos.core.remote.control.TpsMonitorPoint@464649c 

2024-04-25 17:25:12,495 INFO Load rule from local,pointName=ConfigListen, ruleContent= 

2024-04-25 17:25:12,495 INFO Apply tps control rule parse start,pointName=[ConfigListen]  

2024-04-25 17:25:12,495 INFO Clear point  control rule ,pointName=[ConfigListen]  

2024-04-25 17:25:12,495 INFO Clear point  control rule for monitorKeys, pointName=[ConfigListen]  

2024-04-25 17:25:12,495 INFO Load rule from local,pointName=ConfigQuery, ruleContent= 

2024-04-25 17:25:12,495 INFO Apply tps control rule parse start,pointName=[ConfigQuery]  

2024-04-25 17:25:12,495 INFO Clear point  control rule ,pointName=[ConfigQuery]  

2024-04-25 17:25:12,495 INFO Clear point  control rule for monitorKeys, pointName=[ConfigQuery]  

2024-04-25 17:25:12,495 INFO Load rule from local,pointName=ClusterConfigChangeNotify, ruleContent= 

2024-04-25 17:25:12,495 INFO Apply tps control rule parse start,pointName=[ClusterConfigChangeNotify]  

2024-04-25 17:25:12,496 INFO Clear point  control rule ,pointName=[ClusterConfigChangeNotify]  

2024-04-25 17:25:12,496 INFO Clear point  control rule for monitorKeys, pointName=[ClusterConfigChangeNotify]  

2024-04-25 17:25:12,496 INFO Load rule from local,pointName=ConfigListen, ruleContent= 

2024-04-25 17:25:12,496 INFO Apply tps control rule parse start,pointName=[ConfigListen]  

2024-04-25 17:25:12,496 INFO Clear point  control rule ,pointName=[ConfigListen]  

2024-04-25 17:25:12,496 INFO Clear point  control rule for monitorKeys, pointName=[ConfigListen]  

2024-04-25 17:25:12,496 INFO Register tps control,pointName=ConfigRemove, point=com.alibaba.nacos.core.remote.control.TpsMonitorPoint@5f59185e 

2024-04-25 17:25:12,497 INFO Load rule from local,pointName=ConfigRemove, ruleContent= 

2024-04-25 17:25:12,497 INFO Apply tps control rule parse start,pointName=[ConfigRemove]  

2024-04-25 17:25:12,497 INFO Clear point  control rule ,pointName=[ConfigRemove]  

2024-04-25 17:25:12,497 INFO Clear point  control rule for monitorKeys, pointName=[ConfigRemove]  

2024-04-25 17:25:12,497 INFO Register tps control,pointName=ConfigPublish, point=com.alibaba.nacos.core.remote.control.TpsMonitorPoint@60bdf15d 

2024-04-25 17:25:12,497 INFO Load rule from local,pointName=ConfigPublish, ruleContent= 

2024-04-25 17:25:12,497 INFO Apply tps control rule parse start,pointName=[ConfigPublish]  

2024-04-25 17:25:12,497 INFO Clear point  control rule ,pointName=[ConfigPublish]  

2024-04-25 17:25:12,497 INFO Clear point  control rule for monitorKeys, pointName=[ConfigPublish]  

2024-04-25 17:25:12,497 INFO Register tps control,pointName=HealthCheck, point=com.alibaba.nacos.core.remote.control.TpsMonitorPoint@47da3952 

2024-04-25 17:25:12,497 INFO Load rule from local,pointName=HealthCheck, ruleContent= 

2024-04-25 17:25:12,497 INFO Apply tps control rule parse start,pointName=[HealthCheck]  

2024-04-25 17:25:12,497 INFO Clear point  control rule ,pointName=[HealthCheck]  

2024-04-25 17:25:12,497 INFO Clear point  control rule for monitorKeys, pointName=[HealthCheck]  

2024-04-25 17:25:12,498 INFO Load rule from local,pointName=ConfigRemove, ruleContent= 

2024-04-25 17:25:12,498 INFO Apply tps control rule parse start,pointName=[ConfigRemove]  

2024-04-25 17:25:12,498 INFO Clear point  control rule ,pointName=[ConfigRemove]  

2024-04-25 17:25:12,498 INFO Clear point  control rule for monitorKeys, pointName=[ConfigRemove]  

2024-04-25 17:25:12,498 INFO Load rule from local,pointName=ConfigPublish, ruleContent= 

2024-04-25 17:25:12,498 INFO Apply tps control rule parse start,pointName=[ConfigPublish]  

2024-04-25 17:25:12,498 INFO Clear point  control rule ,pointName=[ConfigPublish]  

2024-04-25 17:25:12,498 INFO Clear point  control rule for monitorKeys, pointName=[ConfigPublish]  

2024-04-25 17:25:12,498 INFO Load rule from local,pointName=HealthCheck, ruleContent= 

2024-04-25 17:25:12,498 INFO Apply tps control rule parse start,pointName=[HealthCheck]  

2024-04-25 17:25:12,498 INFO Clear point  control rule ,pointName=[HealthCheck]  

2024-04-25 17:25:12,498 INFO Clear point  control rule for monitorKeys, pointName=[HealthCheck]  

2024-04-25 17:51:37,847 INFO Register tps control,pointName=CONFIG_PUSH_COUNT, point=com.alibaba.nacos.core.remote.control.TpsMonitorPoint@46b61c56 

2024-04-25 17:51:37,848 INFO Load rule from local,pointName=CONFIG_PUSH_COUNT, ruleContent= 

2024-04-25 17:51:37,848 INFO Apply tps control rule parse start,pointName=[CONFIG_PUSH_COUNT]  

2024-04-25 17:51:37,848 INFO Clear point  control rule ,pointName=[CONFIG_PUSH_COUNT]  

2024-04-25 17:51:37,848 INFO Clear point  control rule for monitorKeys, pointName=[CONFIG_PUSH_COUNT]  

2024-04-25 17:51:37,848 INFO Register tps control,pointName=CONFIG_PUSH_SUCCESS, point=com.alibaba.nacos.core.remote.control.TpsMonitorPoint@2e48362c 

2024-04-25 17:51:37,848 INFO Load rule from local,pointName=CONFIG_PUSH_SUCCESS, ruleContent= 

2024-04-25 17:51:37,848 INFO Apply tps control rule parse start,pointName=[CONFIG_PUSH_SUCCESS]  

2024-04-25 17:51:37,848 INFO Clear point  control rule ,pointName=[CONFIG_PUSH_SUCCESS]  

2024-04-25 17:51:37,848 INFO Clear point  control rule for monitorKeys, pointName=[CONFIG_PUSH_SUCCESS]  

2024-04-25 17:51:37,848 INFO Register tps control,pointName=CONFIG_PUSH_FAIL, point=com.alibaba.nacos.core.remote.control.TpsMonitorPoint@1efe439d 

2024-04-25 17:51:37,849 INFO Load rule from local,pointName=CONFIG_PUSH_FAIL, ruleContent= 

2024-04-25 17:51:37,849 INFO Apply tps control rule parse start,pointName=[CONFIG_PUSH_FAIL]  

2024-04-25 17:51:37,849 INFO Clear point  control rule ,pointName=[CONFIG_PUSH_FAIL]  

2024-04-25 17:51:37,849 INFO Clear point  control rule for monitorKeys, pointName=[CONFIG_PUSH_FAIL]  

2024-04-25 17:51:44,692 INFO Register tps control,pointName=ConfigQuery, point=com.alibaba.nacos.core.remote.control.TpsMonitorPoint@66629f63 

2024-04-25 17:51:44,692 INFO Load rule from local,pointName=ConfigQuery, ruleContent= 

2024-04-25 17:51:44,692 INFO Apply tps control rule parse start,pointName=[ConfigQuery]  

2024-04-25 17:51:44,692 INFO Clear point  control rule ,pointName=[ConfigQuery]  

2024-04-25 17:51:44,692 INFO Clear point  control rule for monitorKeys, pointName=[ConfigQuery]  

2024-04-25 17:51:44,692 INFO Register tps control,pointName=ClusterConfigChangeNotify, point=com.alibaba.nacos.core.remote.control.TpsMonitorPoint@841e575 

2024-04-25 17:51:44,692 INFO Load rule from local,pointName=ClusterConfigChangeNotify, ruleContent= 

2024-04-25 17:51:44,692 INFO Apply tps control rule parse start,pointName=[ClusterConfigChangeNotify]  

2024-04-25 17:51:44,692 INFO Clear point  control rule ,pointName=[ClusterConfigChangeNotify]  

2024-04-25 17:51:44,692 INFO Clear point  control rule for monitorKeys, pointName=[ClusterConfigChangeNotify]  

2024-04-25 17:51:44,693 INFO Register tps control,pointName=ConfigListen, point=com.alibaba.nacos.core.remote.control.TpsMonitorPoint@27a5328c 

2024-04-25 17:51:44,693 INFO Load rule from local,pointName=ConfigListen, ruleContent= 

2024-04-25 17:51:44,693 INFO Apply tps control rule parse start,pointName=[ConfigListen]  

2024-04-25 17:51:44,693 INFO Clear point  control rule ,pointName=[ConfigListen]  

2024-04-25 17:51:44,693 INFO Clear point  control rule for monitorKeys, pointName=[ConfigListen]  

2024-04-25 17:51:44,693 INFO Register tps control,pointName=ConfigRemove, point=com.alibaba.nacos.core.remote.control.TpsMonitorPoint@6c345c5f 

2024-04-25 17:51:44,693 INFO Load rule from local,pointName=ConfigRemove, ruleContent= 

2024-04-25 17:51:44,693 INFO Apply tps control rule parse start,pointName=[ConfigRemove]  

2024-04-25 17:51:44,693 INFO Clear point  control rule ,pointName=[ConfigRemove]  

2024-04-25 17:51:44,693 INFO Clear point  control rule for monitorKeys, pointName=[ConfigRemove]  

2024-04-25 17:51:44,693 INFO Register tps control,pointName=ConfigPublish, point=com.alibaba.nacos.core.remote.control.TpsMonitorPoint@6b5966e1 

2024-04-25 17:51:44,693 INFO Load rule from local,pointName=ConfigPublish, ruleContent= 

2024-04-25 17:51:44,693 INFO Apply tps control rule parse start,pointName=[ConfigPublish]  

2024-04-25 17:51:44,693 INFO Clear point  control rule ,pointName=[ConfigPublish]  

2024-04-25 17:51:44,693 INFO Clear point  control rule for monitorKeys, pointName=[ConfigPublish]  

2024-04-25 17:51:44,694 INFO Register tps control,pointName=HealthCheck, point=com.alibaba.nacos.core.remote.control.TpsMonitorPoint@65e61854 

2024-04-25 17:51:44,694 INFO Load rule from local,pointName=HealthCheck, ruleContent= 

2024-04-25 17:51:44,694 INFO Apply tps control rule parse start,pointName=[HealthCheck]  

2024-04-25 17:51:44,694 INFO Clear point  control rule ,pointName=[HealthCheck]  

2024-04-25 17:51:44,694 INFO Clear point  control rule for monitorKeys, pointName=[HealthCheck]  

2024-04-25 17:54:36,522 INFO Register tps control,pointName=CONFIG_PUSH_COUNT, point=com.alibaba.nacos.core.remote.control.TpsMonitorPoint@46b61c56 

2024-04-25 17:54:36,525 INFO Load rule from local,pointName=CONFIG_PUSH_COUNT, ruleContent= 

2024-04-25 17:54:36,526 INFO Apply tps control rule parse start,pointName=[CONFIG_PUSH_COUNT]  

2024-04-25 17:54:36,526 INFO Clear point  control rule ,pointName=[CONFIG_PUSH_COUNT]  

2024-04-25 17:54:36,526 INFO Clear point  control rule for monitorKeys, pointName=[CONFIG_PUSH_COUNT]  

2024-04-25 17:54:36,526 INFO Register tps control,pointName=CONFIG_PUSH_SUCCESS, point=com.alibaba.nacos.core.remote.control.TpsMonitorPoint@2e48362c 

2024-04-25 17:54:36,526 INFO Load rule from local,pointName=CONFIG_PUSH_SUCCESS, ruleContent= 

2024-04-25 17:54:36,526 INFO Apply tps control rule parse start,pointName=[CONFIG_PUSH_SUCCESS]  

2024-04-25 17:54:36,526 INFO Clear point  control rule ,pointName=[CONFIG_PUSH_SUCCESS]  

2024-04-25 17:54:36,526 INFO Clear point  control rule for monitorKeys, pointName=[CONFIG_PUSH_SUCCESS]  

2024-04-25 17:54:36,526 INFO Register tps control,pointName=CONFIG_PUSH_FAIL, point=com.alibaba.nacos.core.remote.control.TpsMonitorPoint@1efe439d 

2024-04-25 17:54:36,526 INFO Load rule from local,pointName=CONFIG_PUSH_FAIL, ruleContent= 

2024-04-25 17:54:36,526 INFO Apply tps control rule parse start,pointName=[CONFIG_PUSH_FAIL]  

2024-04-25 17:54:36,526 INFO Clear point  control rule ,pointName=[CONFIG_PUSH_FAIL]  

2024-04-25 17:54:36,526 INFO Clear point  control rule for monitorKeys, pointName=[CONFIG_PUSH_FAIL]  

2024-04-25 17:54:48,149 INFO Register tps control,pointName=ConfigQuery, point=com.alibaba.nacos.core.remote.control.TpsMonitorPoint@4ef27d66 

2024-04-25 17:54:48,149 INFO Load rule from local,pointName=ConfigQuery, ruleContent= 

2024-04-25 17:54:48,149 INFO Apply tps control rule parse start,pointName=[ConfigQuery]  

2024-04-25 17:54:48,149 INFO Clear point  control rule ,pointName=[ConfigQuery]  

2024-04-25 17:54:48,149 INFO Clear point  control rule for monitorKeys, pointName=[ConfigQuery]  

2024-04-25 17:54:48,151 INFO Register tps control,pointName=ClusterConfigChangeNotify, point=com.alibaba.nacos.core.remote.control.TpsMonitorPoint@362a019c 

2024-04-25 17:54:48,151 INFO Load rule from local,pointName=ClusterConfigChangeNotify, ruleContent= 

2024-04-25 17:54:48,151 INFO Apply tps control rule parse start,pointName=[ClusterConfigChangeNotify]  

2024-04-25 17:54:48,151 INFO Clear point  control rule ,pointName=[ClusterConfigChangeNotify]  

2024-04-25 17:54:48,151 INFO Clear point  control rule for monitorKeys, pointName=[ClusterConfigChangeNotify]  

2024-04-25 17:54:48,151 INFO Register tps control,pointName=ConfigListen, point=com.alibaba.nacos.core.remote.control.TpsMonitorPoint@1d9bec4d 

2024-04-25 17:54:48,151 INFO Load rule from local,pointName=ConfigListen, ruleContent= 

2024-04-25 17:54:48,151 INFO Apply tps control rule parse start,pointName=[ConfigListen]  

2024-04-25 17:54:48,151 INFO Clear point  control rule ,pointName=[ConfigListen]  

2024-04-25 17:54:48,151 INFO Clear point  control rule for monitorKeys, pointName=[ConfigListen]  

2024-04-25 17:54:48,151 INFO Register tps control,pointName=ConfigRemove, point=com.alibaba.nacos.core.remote.control.TpsMonitorPoint@10c8f62 

2024-04-25 17:54:48,152 INFO Load rule from local,pointName=ConfigRemove, ruleContent= 

2024-04-25 17:54:48,152 INFO Apply tps control rule parse start,pointName=[ConfigRemove]  

2024-04-25 17:54:48,152 INFO Clear point  control rule ,pointName=[ConfigRemove]  

2024-04-25 17:54:48,152 INFO Clear point  control rule for monitorKeys, pointName=[ConfigRemove]  

2024-04-25 17:54:48,154 INFO Register tps control,pointName=ConfigPublish, point=com.alibaba.nacos.core.remote.control.TpsMonitorPoint@674c583e 

2024-04-25 17:54:48,154 INFO Load rule from local,pointName=ConfigPublish, ruleContent= 

2024-04-25 17:54:48,154 INFO Apply tps control rule parse start,pointName=[ConfigPublish]  

2024-04-25 17:54:48,154 INFO Clear point  control rule ,pointName=[ConfigPublish]  

2024-04-25 17:54:48,154 INFO Clear point  control rule for monitorKeys, pointName=[ConfigPublish]  

2024-04-25 17:54:48,154 INFO Register tps control,pointName=HealthCheck, point=com.alibaba.nacos.core.remote.control.TpsMonitorPoint@25f7391e 

2024-04-25 17:54:48,154 INFO Load rule from local,pointName=HealthCheck, ruleContent= 

2024-04-25 17:54:48,154 INFO Apply tps control rule parse start,pointName=[HealthCheck]  

2024-04-25 17:54:48,154 INFO Clear point  control rule ,pointName=[HealthCheck]  

2024-04-25 17:54:48,154 INFO Clear point  control rule for monitorKeys, pointName=[HealthCheck]  

